14:34:35 INFO  : Registering command handlers for Vitis TCF services
14:34:35 INFO  : Launching XSCT server: xsct.bat -n  -interactive C:\Users\aleja\OneDrive\Escritorio\UC\SEP\Proyecto_Base_Booster_2025\Proyecto_Base_Booster\temp_xsdb_launch_script.tcl
14:34:38 INFO  : XSCT server has started successfully.
14:34:38 INFO  : Platform repository initialization has completed.
14:34:41 INFO  : plnx-install-location is set to ''
14:34:41 INFO  : Successfully done setting XSCT server connection channel  
14:34:41 INFO  : Successfully done query RDI_DATADIR 
14:34:41 INFO  : Successfully done setting workspace for the tool. 
14:36:03 INFO  : Result from executing command 'getProjects': AC04_P2
14:36:03 INFO  : Result from executing command 'getPlatforms': 
14:37:22 INFO  : Result from executing command 'getProjects': AC04_P2
14:37:22 INFO  : Result from executing command 'getPlatforms': AC04_P2|C:/Users/aleja/OneDrive/Escritorio/UC/SEP/Proyecto_Base_Booster_2025/Proyecto_Base_Booster/AC04_P2/export/AC04_P2/AC04_P2.xpfm
14:40:43 INFO  : Connected to target on host '127.0.0.1' and port '3121'.
14:40:43 INFO  : Jtag cable 'Digilent Zybo Z7 210351B3FC69A' is selected.
14:40:43 INFO  : 'jtag frequency' command is executed.
14:40:43 INFO  : Context for 'APU' is selected.
14:40:44 INFO  : System reset is completed.
14:40:47 INFO  : 'after 3000' command is executed.
14:40:47 INFO  : 'targets -set -filter {jtag_cable_name =~ "Digilent Zybo Z7 210351B3FC69A" && level==0 && jtag_device_ctx=="jsn-Zybo Z7-210351B3FC69A-13722093-0"}' command is executed.
14:40:48 INFO  : FPGA configured successfully with bitstream "C:/Users/aleja/OneDrive/Escritorio/UC/SEP/Proyecto_Base_Booster_2025/Proyecto_Base_Booster/test_boot_ac04/_ide/bitstream/DEMO_wrapper.bit"
14:40:48 INFO  : Context for 'APU' is selected.
14:40:48 INFO  : Hardware design and registers information is loaded from 'C:/Users/aleja/OneDrive/Escritorio/UC/SEP/Proyecto_Base_Booster_2025/Proyecto_Base_Booster/AC04_P2/export/AC04_P2/hw/DEMO_wrapper.xsa'.
14:40:48 INFO  : 'configparams force-mem-access 1' command is executed.
14:40:48 INFO  : Context for 'APU' is selected.
14:40:48 INFO  : Sourcing of 'C:/Users/aleja/OneDrive/Escritorio/UC/SEP/Proyecto_Base_Booster_2025/Proyecto_Base_Booster/test_boot_ac04/_ide/psinit/ps7_init.tcl' is done.
14:40:49 INFO  : 'ps7_init' command is executed.
14:40:49 INFO  : 'ps7_post_config' command is executed.
14:40:49 INFO  : 'configparams force-mem-access 0' command is executed.
14:40:49 INFO  : ----------------XSDB Script----------------
connect -url tcp:127.0.0.1:3121
targets -set -nocase -filter {name =~"APU*"}
rst -system
after 3000
targets -set -filter {jtag_cable_name =~ "Digilent Zybo Z7 210351B3FC69A" && level==0 && jtag_device_ctx=="jsn-Zybo Z7-210351B3FC69A-13722093-0"}
fpga -file C:/Users/aleja/OneDrive/Escritorio/UC/SEP/Proyecto_Base_Booster_2025/Proyecto_Base_Booster/test_boot_ac04/_ide/bitstream/DEMO_wrapper.bit
targets -set -nocase -filter {name =~"APU*"}
loadhw -hw C:/Users/aleja/OneDrive/Escritorio/UC/SEP/Proyecto_Base_Booster_2025/Proyecto_Base_Booster/AC04_P2/export/AC04_P2/hw/DEMO_wrapper.xsa -mem-ranges [list {0x40000000 0xbfffffff}] -regs
configparams force-mem-access 1
targets -set -nocase -filter {name =~"APU*"}
source C:/Users/aleja/OneDrive/Escritorio/UC/SEP/Proyecto_Base_Booster_2025/Proyecto_Base_Booster/test_boot_ac04/_ide/psinit/ps7_init.tcl
ps7_init
ps7_post_config
configparams force-mem-access 0
----------------End of Script----------------

14:40:49 INFO  : Launch script is exported to file 'C:\Users\aleja\OneDrive\Escritorio\UC\SEP\Proyecto_Base_Booster_2025\Proyecto_Base_Booster\.sdk\launch_scripts\single_application_debug\systemdebugger_test_boot_ac04_system_standalone.tcl'
14:44:23 INFO  : Disconnected from the channel tcfchan#2.
14:44:26 INFO  : Connected to target on host '127.0.0.1' and port '3121'.
14:44:26 INFO  : Jtag cable 'Digilent Zybo Z7 210351B3FC69A' is selected.
14:44:26 INFO  : 'jtag frequency' command is executed.
14:44:26 INFO  : Context for 'APU' is selected.
14:44:26 INFO  : System reset is completed.
14:44:29 INFO  : 'after 3000' command is executed.
14:44:29 INFO  : 'targets -set -filter {jtag_cable_name =~ "Digilent Zybo Z7 210351B3FC69A" && level==0 && jtag_device_ctx=="jsn-Zybo Z7-210351B3FC69A-13722093-0"}' command is executed.
14:44:30 INFO  : FPGA configured successfully with bitstream "C:/Users/aleja/OneDrive/Escritorio/UC/SEP/Proyecto_Base_Booster_2025/Proyecto_Base_Booster/test_boot_ac04/_ide/bitstream/DEMO_wrapper.bit"
14:44:31 INFO  : Context for 'APU' is selected.
14:44:31 INFO  : Hardware design and registers information is loaded from 'C:/Users/aleja/OneDrive/Escritorio/UC/SEP/Proyecto_Base_Booster_2025/Proyecto_Base_Booster/AC04_P2/export/AC04_P2/hw/DEMO_wrapper.xsa'.
14:44:31 INFO  : 'configparams force-mem-access 1' command is executed.
14:44:31 INFO  : Context for 'APU' is selected.
14:44:31 INFO  : Sourcing of 'C:/Users/aleja/OneDrive/Escritorio/UC/SEP/Proyecto_Base_Booster_2025/Proyecto_Base_Booster/test_boot_ac04/_ide/psinit/ps7_init.tcl' is done.
14:44:31 ERROR : Memory read error at 0xF8F00208. Cannot halt processor core, timeout
14:44:31 INFO  : ----------------XSDB Script----------------
connect -url tcp:127.0.0.1:3121
targets -set -nocase -filter {name =~"APU*"}
rst -system
after 3000
targets -set -filter {jtag_cable_name =~ "Digilent Zybo Z7 210351B3FC69A" && level==0 && jtag_device_ctx=="jsn-Zybo Z7-210351B3FC69A-13722093-0"}
fpga -file C:/Users/aleja/OneDrive/Escritorio/UC/SEP/Proyecto_Base_Booster_2025/Proyecto_Base_Booster/test_boot_ac04/_ide/bitstream/DEMO_wrapper.bit
targets -set -nocase -filter {name =~"APU*"}
loadhw -hw C:/Users/aleja/OneDrive/Escritorio/UC/SEP/Proyecto_Base_Booster_2025/Proyecto_Base_Booster/AC04_P2/export/AC04_P2/hw/DEMO_wrapper.xsa -mem-ranges [list {0x40000000 0xbfffffff}] -regs
configparams force-mem-access 1
targets -set -nocase -filter {name =~"APU*"}
source C:/Users/aleja/OneDrive/Escritorio/UC/SEP/Proyecto_Base_Booster_2025/Proyecto_Base_Booster/test_boot_ac04/_ide/psinit/ps7_init.tcl
ps7_init
----------------End of Script----------------

14:44:31 ERROR : Memory read error at 0xF8F00208. Cannot halt processor core, timeout
14:44:58 INFO  : Connected to target on host '127.0.0.1' and port '3121'.
14:44:58 INFO  : Jtag cable 'Digilent Zybo Z7 210351B3FC69A' is selected.
14:44:58 INFO  : 'jtag frequency' command is executed.
14:44:58 INFO  : Context for 'APU' is selected.
14:44:58 INFO  : System reset is completed.
14:45:01 INFO  : 'after 3000' command is executed.
14:45:01 INFO  : 'targets -set -filter {jtag_cable_name =~ "Digilent Zybo Z7 210351B3FC69A" && level==0 && jtag_device_ctx=="jsn-Zybo Z7-210351B3FC69A-13722093-0"}' command is executed.
14:45:02 INFO  : FPGA configured successfully with bitstream "C:/Users/aleja/OneDrive/Escritorio/UC/SEP/Proyecto_Base_Booster_2025/Proyecto_Base_Booster/test_boot_ac04/_ide/bitstream/DEMO_wrapper.bit"
14:45:02 INFO  : Context for 'APU' is selected.
14:45:02 INFO  : Hardware design and registers information is loaded from 'C:/Users/aleja/OneDrive/Escritorio/UC/SEP/Proyecto_Base_Booster_2025/Proyecto_Base_Booster/AC04_P2/export/AC04_P2/hw/DEMO_wrapper.xsa'.
14:45:02 INFO  : 'configparams force-mem-access 1' command is executed.
14:45:02 INFO  : Context for 'APU' is selected.
14:45:02 INFO  : Sourcing of 'C:/Users/aleja/OneDrive/Escritorio/UC/SEP/Proyecto_Base_Booster_2025/Proyecto_Base_Booster/test_boot_ac04/_ide/psinit/ps7_init.tcl' is done.
14:45:03 ERROR : Memory read error at 0xF8F00208. Cannot halt processor core, timeout
14:45:03 INFO  : ----------------XSDB Script----------------
connect -url tcp:127.0.0.1:3121
targets -set -nocase -filter {name =~"APU*"}
rst -system
after 3000
targets -set -filter {jtag_cable_name =~ "Digilent Zybo Z7 210351B3FC69A" && level==0 && jtag_device_ctx=="jsn-Zybo Z7-210351B3FC69A-13722093-0"}
fpga -file C:/Users/aleja/OneDrive/Escritorio/UC/SEP/Proyecto_Base_Booster_2025/Proyecto_Base_Booster/test_boot_ac04/_ide/bitstream/DEMO_wrapper.bit
targets -set -nocase -filter {name =~"APU*"}
loadhw -hw C:/Users/aleja/OneDrive/Escritorio/UC/SEP/Proyecto_Base_Booster_2025/Proyecto_Base_Booster/AC04_P2/export/AC04_P2/hw/DEMO_wrapper.xsa -mem-ranges [list {0x40000000 0xbfffffff}] -regs
configparams force-mem-access 1
targets -set -nocase -filter {name =~"APU*"}
source C:/Users/aleja/OneDrive/Escritorio/UC/SEP/Proyecto_Base_Booster_2025/Proyecto_Base_Booster/test_boot_ac04/_ide/psinit/ps7_init.tcl
ps7_init
----------------End of Script----------------

14:45:03 ERROR : Memory read error at 0xF8F00208. Cannot halt processor core, timeout
14:53:17 INFO  : Hardware specification for platform project 'AC04_P2' is updated.
14:53:29 INFO  : Connected to target on host '127.0.0.1' and port '3121'.
14:53:29 INFO  : Jtag cable 'Digilent Zybo Z7 210351B3FC69A' is selected.
14:53:29 INFO  : 'jtag frequency' command is executed.
14:53:29 INFO  : Context for 'APU' is selected.
14:53:29 INFO  : System reset is completed.
14:53:33 INFO  : 'after 3000' command is executed.
14:53:33 INFO  : 'targets -set -filter {jtag_cable_name =~ "Digilent Zybo Z7 210351B3FC69A" && level==0 && jtag_device_ctx=="jsn-Zybo Z7-210351B3FC69A-13722093-0"}' command is executed.
14:53:34 INFO  : FPGA configured successfully with bitstream "C:/Users/aleja/OneDrive/Escritorio/UC/SEP/Proyecto_Base_Booster_2025/Proyecto_Base_Booster/test_boot_ac04/_ide/bitstream/DEMO_wrapper.bit"
14:53:34 INFO  : Context for 'APU' is selected.
14:53:34 INFO  : Hardware design and registers information is loaded from 'C:/Users/aleja/OneDrive/Escritorio/UC/SEP/Proyecto_Base_Booster_2025/Proyecto_Base_Booster/AC04_P2/export/AC04_P2/hw/DEMO_wrapper.xsa'.
14:53:34 INFO  : 'configparams force-mem-access 1' command is executed.
14:53:34 INFO  : Context for 'APU' is selected.
14:53:34 INFO  : Sourcing of 'C:/Users/aleja/OneDrive/Escritorio/UC/SEP/Proyecto_Base_Booster_2025/Proyecto_Base_Booster/test_boot_ac04/_ide/psinit/ps7_init.tcl' is done.
14:53:34 INFO  : 'ps7_init' command is executed.
14:53:34 INFO  : 'ps7_post_config' command is executed.
14:53:34 INFO  : 'configparams force-mem-access 0' command is executed.
14:53:34 INFO  : ----------------XSDB Script----------------
connect -url tcp:127.0.0.1:3121
targets -set -nocase -filter {name =~"APU*"}
rst -system
after 3000
targets -set -filter {jtag_cable_name =~ "Digilent Zybo Z7 210351B3FC69A" && level==0 && jtag_device_ctx=="jsn-Zybo Z7-210351B3FC69A-13722093-0"}
fpga -file C:/Users/aleja/OneDrive/Escritorio/UC/SEP/Proyecto_Base_Booster_2025/Proyecto_Base_Booster/test_boot_ac04/_ide/bitstream/DEMO_wrapper.bit
targets -set -nocase -filter {name =~"APU*"}
loadhw -hw C:/Users/aleja/OneDrive/Escritorio/UC/SEP/Proyecto_Base_Booster_2025/Proyecto_Base_Booster/AC04_P2/export/AC04_P2/hw/DEMO_wrapper.xsa -mem-ranges [list {0x40000000 0xbfffffff}] -regs
configparams force-mem-access 1
targets -set -nocase -filter {name =~"APU*"}
source C:/Users/aleja/OneDrive/Escritorio/UC/SEP/Proyecto_Base_Booster_2025/Proyecto_Base_Booster/test_boot_ac04/_ide/psinit/ps7_init.tcl
ps7_init
ps7_post_config
configparams force-mem-access 0
----------------End of Script----------------

14:53:34 INFO  : Launch script is exported to file 'C:\Users\aleja\OneDrive\Escritorio\UC\SEP\Proyecto_Base_Booster_2025\Proyecto_Base_Booster\.sdk\launch_scripts\single_application_debug\systemdebugger_test_boot_ac04_system_standalone.tcl'
14:56:18 INFO  : Disconnected from the channel tcfchan#3.
14:56:19 INFO  : Connected to target on host '127.0.0.1' and port '3121'.
14:56:19 INFO  : Jtag cable 'Digilent Zybo Z7 210351B3FC69A' is selected.
14:56:19 INFO  : 'jtag frequency' command is executed.
14:56:19 INFO  : Context for 'APU' is selected.
14:56:19 INFO  : System reset is completed.
14:56:22 INFO  : 'after 3000' command is executed.
14:56:22 INFO  : 'targets -set -filter {jtag_cable_name =~ "Digilent Zybo Z7 210351B3FC69A" && level==0 && jtag_device_ctx=="jsn-Zybo Z7-210351B3FC69A-13722093-0"}' command is executed.
14:56:24 INFO  : FPGA configured successfully with bitstream "C:/Users/aleja/OneDrive/Escritorio/UC/SEP/Proyecto_Base_Booster_2025/Proyecto_Base_Booster/test_boot_ac04/_ide/bitstream/DEMO_wrapper.bit"
14:56:24 INFO  : Context for 'APU' is selected.
14:56:24 INFO  : Hardware design and registers information is loaded from 'C:/Users/aleja/OneDrive/Escritorio/UC/SEP/Proyecto_Base_Booster_2025/Proyecto_Base_Booster/AC04_P2/export/AC04_P2/hw/DEMO_wrapper.xsa'.
14:56:24 INFO  : 'configparams force-mem-access 1' command is executed.
14:56:24 INFO  : Context for 'APU' is selected.
14:56:24 INFO  : Sourcing of 'C:/Users/aleja/OneDrive/Escritorio/UC/SEP/Proyecto_Base_Booster_2025/Proyecto_Base_Booster/test_boot_ac04/_ide/psinit/ps7_init.tcl' is done.
14:56:24 ERROR : Memory read error at 0xF8F00208. Cannot halt processor core, timeout
14:56:24 INFO  : ----------------XSDB Script----------------
connect -url tcp:127.0.0.1:3121
targets -set -nocase -filter {name =~"APU*"}
rst -system
after 3000
targets -set -filter {jtag_cable_name =~ "Digilent Zybo Z7 210351B3FC69A" && level==0 && jtag_device_ctx=="jsn-Zybo Z7-210351B3FC69A-13722093-0"}
fpga -file C:/Users/aleja/OneDrive/Escritorio/UC/SEP/Proyecto_Base_Booster_2025/Proyecto_Base_Booster/test_boot_ac04/_ide/bitstream/DEMO_wrapper.bit
targets -set -nocase -filter {name =~"APU*"}
loadhw -hw C:/Users/aleja/OneDrive/Escritorio/UC/SEP/Proyecto_Base_Booster_2025/Proyecto_Base_Booster/AC04_P2/export/AC04_P2/hw/DEMO_wrapper.xsa -mem-ranges [list {0x40000000 0xbfffffff}] -regs
configparams force-mem-access 1
targets -set -nocase -filter {name =~"APU*"}
source C:/Users/aleja/OneDrive/Escritorio/UC/SEP/Proyecto_Base_Booster_2025/Proyecto_Base_Booster/test_boot_ac04/_ide/psinit/ps7_init.tcl
ps7_init
----------------End of Script----------------

14:56:24 ERROR : Memory read error at 0xF8F00208. Cannot halt processor core, timeout
15:46:39 INFO  : Connected to target on host '127.0.0.1' and port '3121'.
15:46:39 INFO  : Jtag cable 'Digilent Zybo Z7 210351B3FC69A' is selected.
15:46:39 INFO  : 'jtag frequency' command is executed.
15:46:39 INFO  : Context for 'APU' is selected.
15:46:39 INFO  : System reset is completed.
15:46:43 INFO  : 'after 3000' command is executed.
15:46:43 INFO  : 'targets -set -filter {jtag_cable_name =~ "Digilent Zybo Z7 210351B3FC69A" && level==0 && jtag_device_ctx=="jsn-Zybo Z7-210351B3FC69A-13722093-0"}' command is executed.
15:46:44 INFO  : FPGA configured successfully with bitstream "C:/Users/aleja/OneDrive/Escritorio/UC/SEP/Proyecto_Base_Booster_2025/Proyecto_Base_Booster/test_boot_ac04/_ide/bitstream/DEMO_wrapper.bit"
15:46:44 INFO  : Context for 'APU' is selected.
15:46:44 INFO  : Hardware design and registers information is loaded from 'C:/Users/aleja/OneDrive/Escritorio/UC/SEP/Proyecto_Base_Booster_2025/Proyecto_Base_Booster/AC04_P2/export/AC04_P2/hw/DEMO_wrapper.xsa'.
15:46:44 INFO  : 'configparams force-mem-access 1' command is executed.
15:46:44 INFO  : Context for 'APU' is selected.
15:46:44 INFO  : Sourcing of 'C:/Users/aleja/OneDrive/Escritorio/UC/SEP/Proyecto_Base_Booster_2025/Proyecto_Base_Booster/test_boot_ac04/_ide/psinit/ps7_init.tcl' is done.
15:46:44 ERROR : Memory read error at 0xF8F00208. Cannot halt processor core, timeout
15:46:44 INFO  : ----------------XSDB Script----------------
connect -url tcp:127.0.0.1:3121
targets -set -nocase -filter {name =~"APU*"}
rst -system
after 3000
targets -set -filter {jtag_cable_name =~ "Digilent Zybo Z7 210351B3FC69A" && level==0 && jtag_device_ctx=="jsn-Zybo Z7-210351B3FC69A-13722093-0"}
fpga -file C:/Users/aleja/OneDrive/Escritorio/UC/SEP/Proyecto_Base_Booster_2025/Proyecto_Base_Booster/test_boot_ac04/_ide/bitstream/DEMO_wrapper.bit
targets -set -nocase -filter {name =~"APU*"}
loadhw -hw C:/Users/aleja/OneDrive/Escritorio/UC/SEP/Proyecto_Base_Booster_2025/Proyecto_Base_Booster/AC04_P2/export/AC04_P2/hw/DEMO_wrapper.xsa -mem-ranges [list {0x40000000 0xbfffffff}] -regs
configparams force-mem-access 1
targets -set -nocase -filter {name =~"APU*"}
source C:/Users/aleja/OneDrive/Escritorio/UC/SEP/Proyecto_Base_Booster_2025/Proyecto_Base_Booster/test_boot_ac04/_ide/psinit/ps7_init.tcl
ps7_init
----------------End of Script----------------

15:46:44 ERROR : Memory read error at 0xF8F00208. Cannot halt processor core, timeout
15:51:50 INFO  : Connected to target on host '127.0.0.1' and port '3121'.
15:51:50 INFO  : Jtag cable 'Digilent Zybo Z7 210351B3FC69A' is selected.
15:51:50 INFO  : 'jtag frequency' command is executed.
15:51:50 INFO  : Context for 'APU' is selected.
15:51:51 INFO  : System reset is completed.
15:51:54 INFO  : 'after 3000' command is executed.
15:51:54 INFO  : 'targets -set -filter {jtag_cable_name =~ "Digilent Zybo Z7 210351B3FC69A" && level==0 && jtag_device_ctx=="jsn-Zybo Z7-210351B3FC69A-13722093-0"}' command is executed.
15:51:55 INFO  : FPGA configured successfully with bitstream "C:/Users/aleja/OneDrive/Escritorio/UC/SEP/Proyecto_Base_Booster_2025/Proyecto_Base_Booster/test_boot_ac04/_ide/bitstream/DEMO_wrapper.bit"
15:51:55 INFO  : Context for 'APU' is selected.
15:51:55 INFO  : Hardware design and registers information is loaded from 'C:/Users/aleja/OneDrive/Escritorio/UC/SEP/Proyecto_Base_Booster_2025/Proyecto_Base_Booster/AC04_P2/export/AC04_P2/hw/DEMO_wrapper.xsa'.
15:51:55 INFO  : 'configparams force-mem-access 1' command is executed.
15:51:55 INFO  : Context for 'APU' is selected.
15:51:55 INFO  : Sourcing of 'C:/Users/aleja/OneDrive/Escritorio/UC/SEP/Proyecto_Base_Booster_2025/Proyecto_Base_Booster/test_boot_ac04/_ide/psinit/ps7_init.tcl' is done.
15:51:55 INFO  : 'ps7_init' command is executed.
15:51:55 INFO  : 'ps7_post_config' command is executed.
15:51:55 INFO  : 'configparams force-mem-access 0' command is executed.
15:51:55 INFO  : ----------------XSDB Script----------------
connect -url tcp:127.0.0.1:3121
targets -set -nocase -filter {name =~"APU*"}
rst -system
after 3000
targets -set -filter {jtag_cable_name =~ "Digilent Zybo Z7 210351B3FC69A" && level==0 && jtag_device_ctx=="jsn-Zybo Z7-210351B3FC69A-13722093-0"}
fpga -file C:/Users/aleja/OneDrive/Escritorio/UC/SEP/Proyecto_Base_Booster_2025/Proyecto_Base_Booster/test_boot_ac04/_ide/bitstream/DEMO_wrapper.bit
targets -set -nocase -filter {name =~"APU*"}
loadhw -hw C:/Users/aleja/OneDrive/Escritorio/UC/SEP/Proyecto_Base_Booster_2025/Proyecto_Base_Booster/AC04_P2/export/AC04_P2/hw/DEMO_wrapper.xsa -mem-ranges [list {0x40000000 0xbfffffff}] -regs
configparams force-mem-access 1
targets -set -nocase -filter {name =~"APU*"}
source C:/Users/aleja/OneDrive/Escritorio/UC/SEP/Proyecto_Base_Booster_2025/Proyecto_Base_Booster/test_boot_ac04/_ide/psinit/ps7_init.tcl
ps7_init
ps7_post_config
configparams force-mem-access 0
----------------End of Script----------------

15:51:55 INFO  : Launch script is exported to file 'C:\Users\aleja\OneDrive\Escritorio\UC\SEP\Proyecto_Base_Booster_2025\Proyecto_Base_Booster\.sdk\launch_scripts\single_application_debug\systemdebugger_test_boot_ac04_system_standalone.tcl'
15:52:28 INFO  : Disconnected from the channel tcfchan#4.
15:52:29 INFO  : Connected to target on host '127.0.0.1' and port '3121'.
15:52:29 INFO  : Jtag cable 'Digilent Zybo Z7 210351B3FC69A' is selected.
15:52:29 INFO  : 'jtag frequency' command is executed.
15:52:29 INFO  : Context for 'APU' is selected.
15:52:29 INFO  : System reset is completed.
15:52:32 INFO  : 'after 3000' command is executed.
15:52:32 INFO  : 'targets -set -filter {jtag_cable_name =~ "Digilent Zybo Z7 210351B3FC69A" && level==0 && jtag_device_ctx=="jsn-Zybo Z7-210351B3FC69A-13722093-0"}' command is executed.
15:52:34 INFO  : FPGA configured successfully with bitstream "C:/Users/aleja/OneDrive/Escritorio/UC/SEP/Proyecto_Base_Booster_2025/Proyecto_Base_Booster/test_boot_ac04/_ide/bitstream/DEMO_wrapper.bit"
15:52:34 INFO  : Context for 'APU' is selected.
15:52:34 INFO  : Hardware design and registers information is loaded from 'C:/Users/aleja/OneDrive/Escritorio/UC/SEP/Proyecto_Base_Booster_2025/Proyecto_Base_Booster/AC04_P2/export/AC04_P2/hw/DEMO_wrapper.xsa'.
15:52:34 INFO  : 'configparams force-mem-access 1' command is executed.
15:52:34 INFO  : Context for 'APU' is selected.
15:52:34 INFO  : Sourcing of 'C:/Users/aleja/OneDrive/Escritorio/UC/SEP/Proyecto_Base_Booster_2025/Proyecto_Base_Booster/test_boot_ac04/_ide/psinit/ps7_init.tcl' is done.
15:52:34 INFO  : 'ps7_init' command is executed.
15:52:34 INFO  : 'ps7_post_config' command is executed.
15:52:34 INFO  : 'configparams force-mem-access 0' command is executed.
15:52:34 INFO  : ----------------XSDB Script----------------
connect -url tcp:127.0.0.1:3121
targets -set -nocase -filter {name =~"APU*"}
rst -system
after 3000
targets -set -filter {jtag_cable_name =~ "Digilent Zybo Z7 210351B3FC69A" && level==0 && jtag_device_ctx=="jsn-Zybo Z7-210351B3FC69A-13722093-0"}
fpga -file C:/Users/aleja/OneDrive/Escritorio/UC/SEP/Proyecto_Base_Booster_2025/Proyecto_Base_Booster/test_boot_ac04/_ide/bitstream/DEMO_wrapper.bit
targets -set -nocase -filter {name =~"APU*"}
loadhw -hw C:/Users/aleja/OneDrive/Escritorio/UC/SEP/Proyecto_Base_Booster_2025/Proyecto_Base_Booster/AC04_P2/export/AC04_P2/hw/DEMO_wrapper.xsa -mem-ranges [list {0x40000000 0xbfffffff}] -regs
configparams force-mem-access 1
targets -set -nocase -filter {name =~"APU*"}
source C:/Users/aleja/OneDrive/Escritorio/UC/SEP/Proyecto_Base_Booster_2025/Proyecto_Base_Booster/test_boot_ac04/_ide/psinit/ps7_init.tcl
ps7_init
ps7_post_config
configparams force-mem-access 0
----------------End of Script----------------

15:52:34 INFO  : Launch script is exported to file 'C:\Users\aleja\OneDrive\Escritorio\UC\SEP\Proyecto_Base_Booster_2025\Proyecto_Base_Booster\.sdk\launch_scripts\single_application_debug\systemdebugger_test_boot_ac04_system_standalone.tcl'
16:04:56 INFO  : Hardware specification for platform project 'AC04_P2' is updated.
16:05:19 INFO  : Disconnected from the channel tcfchan#5.
16:05:21 INFO  : Connected to target on host '127.0.0.1' and port '3121'.
16:05:30 INFO  : ----------------XSDB Script----------------
connect -url tcp:127.0.0.1:3121
----------------End of Script----------------

16:05:30 ERROR : Could not find ARM device on the board for connection 'Local'.
Check if the target is in:
1. Split JTAG - No operations are possible with ARM DAP.
2. Non JTAG bootmode - Bootrom may need time to enable DAP.
Please try again.


Troubleshooting hints:
1. Check whether board is connected to system properly.
2. In case of zynq board, check whether Digilent/Xilinx cable switch settings are correct.
3. If you are using Xilinx Platform Cable USB, ensure that status LED is green.
16:06:23 INFO  : Result from executing command 'getProjects': AC04_P2
16:06:23 INFO  : Result from executing command 'getPlatforms': AC04_P2|C:/Users/aleja/OneDrive/Escritorio/UC/SEP/Proyecto_Base_Booster_2025/Proyecto_Base_Booster/AC04_P2/export/AC04_P2/AC04_P2.xpfm
16:06:23 INFO  : Checking for BSP changes to sync application flags for project 'test_boot_ac04'...
16:06:25 INFO  : Updating application flags with new BSP settings...
16:06:25 ERROR : Failed to update application flags from BSP for 'test_boot_ac04'. Reason: null
java.lang.NullPointerException
	at com.xilinx.sdk.sw.internal.SwDb.getComponentAppCompilerFlags(SwDb.java:762)
	at com.xilinx.sdx.sw.internal.SDxSwPlatform.getSwPlatformCompilerFlags(SDxSwPlatform.java:1155)
	at com.xilinx.sdx.sdk.core.build.AppSwBuildOptionsHelper.inferSwPlatformFlags(AppSwBuildOptionsHelper.java:54)
	at com.xilinx.sdx.sdk.core.build.AppSwBuildOptionsHelper.updateBuildOptions(AppSwBuildOptionsHelper.java:46)
	at com.xilinx.sdx.sdk.core.build.SdkMakefileGenerationListener.updateSwBuildOptions(SdkMakefileGenerationListener.java:215)
	at com.xilinx.sdx.sdk.core.build.SdkMakefileGenerationListener.syncAppFlags(SdkMakefileGenerationListener.java:99)
	at com.xilinx.sdx.sdk.core.build.SdkMakefileGenerationListener.preMakefileGeneration(SdkMakefileGenerationListener.java:48)
	at com.xilinx.sdk.managedbuilder.XilinxGnuMakefileGenerator.notifyPreMakefileGenerationListeners(XilinxGnuMakefileGenerator.java:91)
	at com.xilinx.sdk.managedbuilder.XilinxGnuMakefileGenerator.regenerateMakefiles(XilinxGnuMakefileGenerator.java:75)
	at org.eclipse.cdt.managedbuilder.internal.core.CommonBuilder.performMakefileGeneration(CommonBuilder.java:1006)
	at org.eclipse.cdt.managedbuilder.internal.core.CommonBuilder.performPrebuildGeneration(CommonBuilder.java:873)
	at org.eclipse.cdt.managedbuilder.internal.core.CommonBuilder.build(CommonBuilder.java:748)
	at org.eclipse.cdt.managedbuilder.internal.core.CommonBuilder.build(CommonBuilder.java:513)
	at org.eclipse.cdt.managedbuilder.internal.core.CommonBuilder.build(CommonBuilder.java:459)
	at org.eclipse.core.internal.events.BuildManager$2.run(BuildManager.java:795)
	at org.eclipse.core.runtime.SafeRunner.run(SafeRunner.java:42)
	at org.eclipse.core.internal.events.BuildManager.basicBuild(BuildManager.java:216)
	at org.eclipse.core.internal.events.BuildManager.basicBuild(BuildManager.java:259)
	at org.eclipse.core.internal.events.BuildManager$1.run(BuildManager.java:312)
	at org.eclipse.core.runtime.SafeRunner.run(SafeRunner.java:42)
	at org.eclipse.core.internal.events.BuildManager.basicBuild(BuildManager.java:315)
	at org.eclipse.core.internal.events.BuildManager.basicBuildLoop(BuildManager.java:367)
	at org.eclipse.core.internal.events.BuildManager.build(BuildManager.java:388)
	at org.eclipse.core.internal.resources.Workspace.buildInternal(Workspace.java:501)
	at org.eclipse.core.internal.resources.Workspace.build(Workspace.java:408)
	at org.eclipse.ui.actions.BuildAction$1.runInWorkspace(BuildAction.java:288)
	at org.eclipse.core.internal.resources.InternalWorkspaceJob.run(InternalWorkspaceJob.java:39)
	at org.eclipse.core.internal.jobs.Worker.run(Worker.java:60)
16:06:28 INFO  : The hardware specfication used by project 'test_boot_ac04' is out of sync with the platform. Resource files extracted from the hardware specfiication will be updated.
16:06:28 INFO  : The file 'C:\Users\aleja\OneDrive\Escritorio\UC\SEP\Proyecto_Base_Booster_2025\Proyecto_Base_Booster\test_boot_ac04\_ide\bitstream\DEMO_wrapper.bit' stored in project is removed.
16:06:28 INFO  : The updated bitstream files are copied from platform to folder 'C:\Users\aleja\OneDrive\Escritorio\UC\SEP\Proyecto_Base_Booster_2025\Proyecto_Base_Booster\test_boot_ac04\_ide\bitstream' in project 'test_boot_ac04'.
16:06:28 INFO  : The file 'C:\Users\aleja\OneDrive\Escritorio\UC\SEP\Proyecto_Base_Booster_2025\Proyecto_Base_Booster\test_boot_ac04\_ide\psinit\ps7_init.tcl' stored in project is removed.
16:06:33 INFO  : The updated ps init files are copied from platform to folder 'C:\Users\aleja\OneDrive\Escritorio\UC\SEP\Proyecto_Base_Booster_2025\Proyecto_Base_Booster\test_boot_ac04\_ide\psinit' in project 'test_boot_ac04'.
16:06:49 INFO  : Connected to target on host '127.0.0.1' and port '3121'.
16:06:49 INFO  : Jtag cable 'Digilent Zybo Z7 210351B3FC69A' is selected.
16:06:49 INFO  : 'jtag frequency' command is executed.
16:06:49 INFO  : Context for 'APU' is selected.
16:06:49 INFO  : System reset is completed.
16:06:52 INFO  : 'after 3000' command is executed.
16:06:52 INFO  : 'targets -set -filter {jtag_cable_name =~ "Digilent Zybo Z7 210351B3FC69A" && level==0 && jtag_device_ctx=="jsn-Zybo Z7-210351B3FC69A-13722093-0"}' command is executed.
16:06:53 INFO  : FPGA configured successfully with bitstream "C:/Users/aleja/OneDrive/Escritorio/UC/SEP/Proyecto_Base_Booster_2025/Proyecto_Base_Booster/test_boot_ac04/_ide/bitstream/DEMO_wrapper.bit"
16:06:53 INFO  : Context for 'APU' is selected.
16:06:53 INFO  : Hardware design and registers information is loaded from 'C:/Users/aleja/OneDrive/Escritorio/UC/SEP/Proyecto_Base_Booster_2025/Proyecto_Base_Booster/AC04_P2/export/AC04_P2/hw/DEMO_wrapper.xsa'.
16:06:53 INFO  : 'configparams force-mem-access 1' command is executed.
16:06:53 INFO  : Context for 'APU' is selected.
16:06:53 INFO  : Sourcing of 'C:/Users/aleja/OneDrive/Escritorio/UC/SEP/Proyecto_Base_Booster_2025/Proyecto_Base_Booster/test_boot_ac04/_ide/psinit/ps7_init.tcl' is done.
16:06:54 INFO  : 'ps7_init' command is executed.
16:06:54 INFO  : 'ps7_post_config' command is executed.
16:06:54 INFO  : Context for processor 'ps7_cortexa9_0' is selected.
16:06:54 INFO  : The application 'C:/Users/aleja/OneDrive/Escritorio/UC/SEP/Proyecto_Base_Booster_2025/Proyecto_Base_Booster/test_boot_ac04/Debug/test_boot_ac04.elf' is downloaded to processor 'ps7_cortexa9_0'.
16:06:54 INFO  : 'configparams force-mem-access 0' command is executed.
16:06:54 INFO  : ----------------XSDB Script----------------
connect -url tcp:127.0.0.1:3121
targets -set -nocase -filter {name =~"APU*"}
rst -system
after 3000
targets -set -filter {jtag_cable_name =~ "Digilent Zybo Z7 210351B3FC69A" && level==0 && jtag_device_ctx=="jsn-Zybo Z7-210351B3FC69A-13722093-0"}
fpga -file C:/Users/aleja/OneDrive/Escritorio/UC/SEP/Proyecto_Base_Booster_2025/Proyecto_Base_Booster/test_boot_ac04/_ide/bitstream/DEMO_wrapper.bit
targets -set -nocase -filter {name =~"APU*"}
loadhw -hw C:/Users/aleja/OneDrive/Escritorio/UC/SEP/Proyecto_Base_Booster_2025/Proyecto_Base_Booster/AC04_P2/export/AC04_P2/hw/DEMO_wrapper.xsa -mem-ranges [list {0x40000000 0xbfffffff}] -regs
configparams force-mem-access 1
targets -set -nocase -filter {name =~"APU*"}
source C:/Users/aleja/OneDrive/Escritorio/UC/SEP/Proyecto_Base_Booster_2025/Proyecto_Base_Booster/test_boot_ac04/_ide/psinit/ps7_init.tcl
ps7_init
ps7_post_config
targets -set -nocase -filter {name =~ "*A9*#0"}
dow C:/Users/aleja/OneDrive/Escritorio/UC/SEP/Proyecto_Base_Booster_2025/Proyecto_Base_Booster/test_boot_ac04/Debug/test_boot_ac04.elf
configparams force-mem-access 0
----------------End of Script----------------

16:06:54 INFO  : Context for processor 'ps7_cortexa9_0' is selected.
16:06:54 INFO  : 'con' command is executed.
16:06:54 INFO  : ----------------XSDB Script (After Launch)----------------
targets -set -nocase -filter {name =~ "*A9*#0"}
con
----------------End of Script----------------

16:06:54 INFO  : Launch script is exported to file 'C:\Users\aleja\OneDrive\Escritorio\UC\SEP\Proyecto_Base_Booster_2025\Proyecto_Base_Booster\.sdk\launch_scripts\single_application_debug\systemdebugger_test_boot_ac04_system_standalone.tcl'
16:11:01 INFO  : Checking for BSP changes to sync application flags for project 'test_boot_ac04'...
16:11:02 INFO  : Updating application flags with new BSP settings...
16:11:02 ERROR : Failed to update application flags from BSP for 'test_boot_ac04'. Reason: null
java.lang.NullPointerException
	at com.xilinx.sdk.sw.internal.SwDb.getComponentAppCompilerFlags(SwDb.java:762)
	at com.xilinx.sdx.sw.internal.SDxSwPlatform.getSwPlatformCompilerFlags(SDxSwPlatform.java:1155)
	at com.xilinx.sdx.sdk.core.build.AppSwBuildOptionsHelper.inferSwPlatformFlags(AppSwBuildOptionsHelper.java:54)
	at com.xilinx.sdx.sdk.core.build.AppSwBuildOptionsHelper.updateBuildOptions(AppSwBuildOptionsHelper.java:46)
	at com.xilinx.sdx.sdk.core.build.SdkMakefileGenerationListener.updateSwBuildOptions(SdkMakefileGenerationListener.java:215)
	at com.xilinx.sdx.sdk.core.build.SdkMakefileGenerationListener.syncAppFlags(SdkMakefileGenerationListener.java:99)
	at com.xilinx.sdx.sdk.core.build.SdkMakefileGenerationListener.preMakefileGeneration(SdkMakefileGenerationListener.java:48)
	at com.xilinx.sdk.managedbuilder.XilinxGnuMakefileGenerator.notifyPreMakefileGenerationListeners(XilinxGnuMakefileGenerator.java:91)
	at com.xilinx.sdk.managedbuilder.XilinxGnuMakefileGenerator.generateMakefiles(XilinxGnuMakefileGenerator.java:40)
	at org.eclipse.cdt.managedbuilder.internal.core.CommonBuilder.performMakefileGeneration(CommonBuilder.java:1008)
	at org.eclipse.cdt.managedbuilder.internal.core.CommonBuilder.performPrebuildGeneration(CommonBuilder.java:873)
	at org.eclipse.cdt.managedbuilder.internal.core.CommonBuilder.build(CommonBuilder.java:748)
	at org.eclipse.cdt.managedbuilder.internal.core.CommonBuilder.build(CommonBuilder.java:510)
	at org.eclipse.cdt.managedbuilder.internal.core.CommonBuilder.build(CommonBuilder.java:459)
	at org.eclipse.core.internal.events.BuildManager$2.run(BuildManager.java:795)
	at org.eclipse.core.runtime.SafeRunner.run(SafeRunner.java:42)
	at org.eclipse.core.internal.events.BuildManager.basicBuild(BuildManager.java:216)
	at org.eclipse.core.internal.events.BuildManager.basicBuild(BuildManager.java:259)
	at org.eclipse.core.internal.events.BuildManager$1.run(BuildManager.java:312)
	at org.eclipse.core.runtime.SafeRunner.run(SafeRunner.java:42)
	at org.eclipse.core.internal.events.BuildManager.basicBuild(BuildManager.java:315)
	at org.eclipse.core.internal.events.BuildManager.basicBuildLoop(BuildManager.java:367)
	at org.eclipse.core.internal.events.BuildManager.build(BuildManager.java:388)
	at org.eclipse.core.internal.resources.Workspace.buildInternal(Workspace.java:501)
	at org.eclipse.core.internal.resources.Workspace.build(Workspace.java:408)
	at org.eclipse.ui.actions.BuildAction$1.runInWorkspace(BuildAction.java:288)
	at org.eclipse.core.internal.resources.InternalWorkspaceJob.run(InternalWorkspaceJob.java:39)
	at org.eclipse.core.internal.jobs.Worker.run(Worker.java:60)
16:11:15 INFO  : Disconnected from the channel tcfchan#6.
16:11:16 INFO  : Connected to target on host '127.0.0.1' and port '3121'.
16:11:16 INFO  : Jtag cable 'Digilent Zybo Z7 210351B3FC69A' is selected.
16:11:16 INFO  : 'jtag frequency' command is executed.
16:11:16 INFO  : Context for 'APU' is selected.
16:11:16 INFO  : System reset is completed.
16:11:19 INFO  : 'after 3000' command is executed.
16:11:19 INFO  : 'targets -set -filter {jtag_cable_name =~ "Digilent Zybo Z7 210351B3FC69A" && level==0 && jtag_device_ctx=="jsn-Zybo Z7-210351B3FC69A-13722093-0"}' command is executed.
16:11:21 INFO  : FPGA configured successfully with bitstream "C:/Users/aleja/OneDrive/Escritorio/UC/SEP/Proyecto_Base_Booster_2025/Proyecto_Base_Booster/test_boot_ac04/_ide/bitstream/DEMO_wrapper.bit"
16:11:21 INFO  : Context for 'APU' is selected.
16:11:21 INFO  : Hardware design and registers information is loaded from 'C:/Users/aleja/OneDrive/Escritorio/UC/SEP/Proyecto_Base_Booster_2025/Proyecto_Base_Booster/AC04_P2/export/AC04_P2/hw/DEMO_wrapper.xsa'.
16:11:21 INFO  : 'configparams force-mem-access 1' command is executed.
16:11:21 INFO  : Context for 'APU' is selected.
16:11:21 INFO  : Sourcing of 'C:/Users/aleja/OneDrive/Escritorio/UC/SEP/Proyecto_Base_Booster_2025/Proyecto_Base_Booster/test_boot_ac04/_ide/psinit/ps7_init.tcl' is done.
16:11:21 INFO  : 'ps7_init' command is executed.
16:11:21 INFO  : 'ps7_post_config' command is executed.
16:11:21 INFO  : Context for processor 'ps7_cortexa9_0' is selected.
16:11:21 INFO  : The application 'C:/Users/aleja/OneDrive/Escritorio/UC/SEP/Proyecto_Base_Booster_2025/Proyecto_Base_Booster/test_boot_ac04/Debug/test_boot_ac04.elf' is downloaded to processor 'ps7_cortexa9_0'.
16:11:21 INFO  : 'configparams force-mem-access 0' command is executed.
16:11:21 INFO  : ----------------XSDB Script----------------
connect -url tcp:127.0.0.1:3121
targets -set -nocase -filter {name =~"APU*"}
rst -system
after 3000
targets -set -filter {jtag_cable_name =~ "Digilent Zybo Z7 210351B3FC69A" && level==0 && jtag_device_ctx=="jsn-Zybo Z7-210351B3FC69A-13722093-0"}
fpga -file C:/Users/aleja/OneDrive/Escritorio/UC/SEP/Proyecto_Base_Booster_2025/Proyecto_Base_Booster/test_boot_ac04/_ide/bitstream/DEMO_wrapper.bit
targets -set -nocase -filter {name =~"APU*"}
loadhw -hw C:/Users/aleja/OneDrive/Escritorio/UC/SEP/Proyecto_Base_Booster_2025/Proyecto_Base_Booster/AC04_P2/export/AC04_P2/hw/DEMO_wrapper.xsa -mem-ranges [list {0x40000000 0xbfffffff}] -regs
configparams force-mem-access 1
targets -set -nocase -filter {name =~"APU*"}
source C:/Users/aleja/OneDrive/Escritorio/UC/SEP/Proyecto_Base_Booster_2025/Proyecto_Base_Booster/test_boot_ac04/_ide/psinit/ps7_init.tcl
ps7_init
ps7_post_config
targets -set -nocase -filter {name =~ "*A9*#0"}
dow C:/Users/aleja/OneDrive/Escritorio/UC/SEP/Proyecto_Base_Booster_2025/Proyecto_Base_Booster/test_boot_ac04/Debug/test_boot_ac04.elf
configparams force-mem-access 0
----------------End of Script----------------

16:11:21 INFO  : Context for processor 'ps7_cortexa9_0' is selected.
16:11:21 INFO  : 'con' command is executed.
16:11:21 INFO  : ----------------XSDB Script (After Launch)----------------
targets -set -nocase -filter {name =~ "*A9*#0"}
con
----------------End of Script----------------

16:11:21 INFO  : Launch script is exported to file 'C:\Users\aleja\OneDrive\Escritorio\UC\SEP\Proyecto_Base_Booster_2025\Proyecto_Base_Booster\.sdk\launch_scripts\single_application_debug\debugger_test_boot_ac04-default.tcl'
16:11:31 INFO  : Disconnected from the channel tcfchan#10.
16:11:32 INFO  : Connected to target on host '127.0.0.1' and port '3121'.
16:11:32 INFO  : Jtag cable 'Digilent Zybo Z7 210351B3FC69A' is selected.
16:11:32 INFO  : 'jtag frequency' command is executed.
16:11:33 INFO  : Context for 'APU' is selected.
16:11:33 INFO  : System reset is completed.
16:11:36 INFO  : 'after 3000' command is executed.
16:11:36 INFO  : 'targets -set -filter {jtag_cable_name =~ "Digilent Zybo Z7 210351B3FC69A" && level==0 && jtag_device_ctx=="jsn-Zybo Z7-210351B3FC69A-13722093-0"}' command is executed.
16:11:37 INFO  : FPGA configured successfully with bitstream "C:/Users/aleja/OneDrive/Escritorio/UC/SEP/Proyecto_Base_Booster_2025/Proyecto_Base_Booster/test_boot_ac04/_ide/bitstream/DEMO_wrapper.bit"
16:11:37 INFO  : Context for 'APU' is selected.
16:11:37 INFO  : Hardware design and registers information is loaded from 'C:/Users/aleja/OneDrive/Escritorio/UC/SEP/Proyecto_Base_Booster_2025/Proyecto_Base_Booster/AC04_P2/export/AC04_P2/hw/DEMO_wrapper.xsa'.
16:11:37 INFO  : 'configparams force-mem-access 1' command is executed.
16:11:37 INFO  : Context for 'APU' is selected.
16:11:37 INFO  : Sourcing of 'C:/Users/aleja/OneDrive/Escritorio/UC/SEP/Proyecto_Base_Booster_2025/Proyecto_Base_Booster/test_boot_ac04/_ide/psinit/ps7_init.tcl' is done.
16:11:37 INFO  : 'ps7_init' command is executed.
16:11:37 INFO  : 'ps7_post_config' command is executed.
16:11:37 INFO  : Context for processor 'ps7_cortexa9_0' is selected.
16:11:37 INFO  : The application 'C:/Users/aleja/OneDrive/Escritorio/UC/SEP/Proyecto_Base_Booster_2025/Proyecto_Base_Booster/test_boot_ac04/Debug/test_boot_ac04.elf' is downloaded to processor 'ps7_cortexa9_0'.
16:11:38 INFO  : 'configparams force-mem-access 0' command is executed.
16:11:38 INFO  : ----------------XSDB Script----------------
connect -url tcp:127.0.0.1:3121
targets -set -nocase -filter {name =~"APU*"}
rst -system
after 3000
targets -set -filter {jtag_cable_name =~ "Digilent Zybo Z7 210351B3FC69A" && level==0 && jtag_device_ctx=="jsn-Zybo Z7-210351B3FC69A-13722093-0"}
fpga -file C:/Users/aleja/OneDrive/Escritorio/UC/SEP/Proyecto_Base_Booster_2025/Proyecto_Base_Booster/test_boot_ac04/_ide/bitstream/DEMO_wrapper.bit
targets -set -nocase -filter {name =~"APU*"}
loadhw -hw C:/Users/aleja/OneDrive/Escritorio/UC/SEP/Proyecto_Base_Booster_2025/Proyecto_Base_Booster/AC04_P2/export/AC04_P2/hw/DEMO_wrapper.xsa -mem-ranges [list {0x40000000 0xbfffffff}] -regs
configparams force-mem-access 1
targets -set -nocase -filter {name =~"APU*"}
source C:/Users/aleja/OneDrive/Escritorio/UC/SEP/Proyecto_Base_Booster_2025/Proyecto_Base_Booster/test_boot_ac04/_ide/psinit/ps7_init.tcl
ps7_init
ps7_post_config
targets -set -nocase -filter {name =~ "*A9*#0"}
dow C:/Users/aleja/OneDrive/Escritorio/UC/SEP/Proyecto_Base_Booster_2025/Proyecto_Base_Booster/test_boot_ac04/Debug/test_boot_ac04.elf
configparams force-mem-access 0
----------------End of Script----------------

16:11:38 INFO  : Context for processor 'ps7_cortexa9_0' is selected.
16:11:38 INFO  : 'con' command is executed.
16:11:38 INFO  : ----------------XSDB Script (After Launch)----------------
targets -set -nocase -filter {name =~ "*A9*#0"}
con
----------------End of Script----------------

16:11:38 INFO  : Launch script is exported to file 'C:\Users\aleja\OneDrive\Escritorio\UC\SEP\Proyecto_Base_Booster_2025\Proyecto_Base_Booster\.sdk\launch_scripts\single_application_debug\systemdebugger_test_boot_ac04_system_standalone.tcl'
16:14:22 INFO  : Disconnected from the channel tcfchan#11.
16:14:22 INFO  : Connected to target on host '127.0.0.1' and port '3121'.
16:14:23 INFO  : Jtag cable 'Digilent Zybo Z7 210351B3FC69A' is selected.
16:14:23 INFO  : 'jtag frequency' command is executed.
16:14:23 INFO  : Context for 'APU' is selected.
16:14:23 INFO  : System reset is completed.
16:14:26 INFO  : 'after 3000' command is executed.
16:14:26 INFO  : 'targets -set -filter {jtag_cable_name =~ "Digilent Zybo Z7 210351B3FC69A" && level==0 && jtag_device_ctx=="jsn-Zybo Z7-210351B3FC69A-13722093-0"}' command is executed.
16:14:27 INFO  : FPGA configured successfully with bitstream "C:/Users/aleja/OneDrive/Escritorio/UC/SEP/Proyecto_Base_Booster_2025/Proyecto_Base_Booster/test_boot_ac04/_ide/bitstream/DEMO_wrapper.bit"
16:14:27 INFO  : Context for 'APU' is selected.
16:14:27 INFO  : Hardware design and registers information is loaded from 'C:/Users/aleja/OneDrive/Escritorio/UC/SEP/Proyecto_Base_Booster_2025/Proyecto_Base_Booster/AC04_P2/export/AC04_P2/hw/DEMO_wrapper.xsa'.
16:14:27 INFO  : 'configparams force-mem-access 1' command is executed.
16:14:27 INFO  : Context for 'APU' is selected.
16:14:27 INFO  : Sourcing of 'C:/Users/aleja/OneDrive/Escritorio/UC/SEP/Proyecto_Base_Booster_2025/Proyecto_Base_Booster/test_boot_ac04/_ide/psinit/ps7_init.tcl' is done.
16:14:27 INFO  : 'ps7_init' command is executed.
16:14:27 INFO  : 'ps7_post_config' command is executed.
16:14:27 INFO  : Context for processor 'ps7_cortexa9_0' is selected.
16:14:28 INFO  : The application 'C:/Users/aleja/OneDrive/Escritorio/UC/SEP/Proyecto_Base_Booster_2025/Proyecto_Base_Booster/test_boot_ac04/Debug/test_boot_ac04.elf' is downloaded to processor 'ps7_cortexa9_0'.
16:14:28 INFO  : 'configparams force-mem-access 0' command is executed.
16:14:28 INFO  : ----------------XSDB Script----------------
connect -url tcp:127.0.0.1:3121
targets -set -nocase -filter {name =~"APU*"}
rst -system
after 3000
targets -set -filter {jtag_cable_name =~ "Digilent Zybo Z7 210351B3FC69A" && level==0 && jtag_device_ctx=="jsn-Zybo Z7-210351B3FC69A-13722093-0"}
fpga -file C:/Users/aleja/OneDrive/Escritorio/UC/SEP/Proyecto_Base_Booster_2025/Proyecto_Base_Booster/test_boot_ac04/_ide/bitstream/DEMO_wrapper.bit
targets -set -nocase -filter {name =~"APU*"}
loadhw -hw C:/Users/aleja/OneDrive/Escritorio/UC/SEP/Proyecto_Base_Booster_2025/Proyecto_Base_Booster/AC04_P2/export/AC04_P2/hw/DEMO_wrapper.xsa -mem-ranges [list {0x40000000 0xbfffffff}] -regs
configparams force-mem-access 1
targets -set -nocase -filter {name =~"APU*"}
source C:/Users/aleja/OneDrive/Escritorio/UC/SEP/Proyecto_Base_Booster_2025/Proyecto_Base_Booster/test_boot_ac04/_ide/psinit/ps7_init.tcl
ps7_init
ps7_post_config
targets -set -nocase -filter {name =~ "*A9*#0"}
dow C:/Users/aleja/OneDrive/Escritorio/UC/SEP/Proyecto_Base_Booster_2025/Proyecto_Base_Booster/test_boot_ac04/Debug/test_boot_ac04.elf
configparams force-mem-access 0
----------------End of Script----------------

16:14:28 INFO  : Context for processor 'ps7_cortexa9_0' is selected.
16:14:28 INFO  : 'con' command is executed.
16:14:28 INFO  : ----------------XSDB Script (After Launch)----------------
targets -set -nocase -filter {name =~ "*A9*#0"}
con
----------------End of Script----------------

16:14:28 INFO  : Launch script is exported to file 'C:\Users\aleja\OneDrive\Escritorio\UC\SEP\Proyecto_Base_Booster_2025\Proyecto_Base_Booster\.sdk\launch_scripts\single_application_debug\systemdebugger_test_boot_ac04_system_standalone.tcl'
16:15:12 INFO  : Connected to target on host '127.0.0.1' and port '3121'.
16:15:12 INFO  : 'targets -set -filter {jtag_cable_name =~ "Digilent Zybo Z7 210351B3FC69A" && level==0 && jtag_device_ctx=="jsn-Zybo Z7-210351B3FC69A-13722093-0"}' command is executed.
16:15:13 INFO  : FPGA configured successfully with bitstream "C:/Users/aleja/OneDrive/Escritorio/UC/SEP/Proyecto_Base_Booster_2025/Proyecto_Base_Booster/test_boot_ac04/_ide/bitstream/DEMO_wrapper.bit"
16:15:22 INFO  : Disconnected from the channel tcfchan#12.
16:15:22 INFO  : Connected to target on host '127.0.0.1' and port '3121'.
16:15:23 INFO  : Jtag cable 'Digilent Zybo Z7 210351B3FC69A' is selected.
16:15:23 INFO  : 'jtag frequency' command is executed.
16:15:23 INFO  : Context for 'APU' is selected.
16:15:23 INFO  : System reset is completed.
16:15:26 INFO  : 'after 3000' command is executed.
16:15:26 INFO  : 'targets -set -filter {jtag_cable_name =~ "Digilent Zybo Z7 210351B3FC69A" && level==0 && jtag_device_ctx=="jsn-Zybo Z7-210351B3FC69A-13722093-0"}' command is executed.
16:15:27 INFO  : FPGA configured successfully with bitstream "C:/Users/aleja/OneDrive/Escritorio/UC/SEP/Proyecto_Base_Booster_2025/Proyecto_Base_Booster/test_boot_ac04/_ide/bitstream/DEMO_wrapper.bit"
16:15:27 INFO  : Context for 'APU' is selected.
16:15:27 INFO  : Hardware design and registers information is loaded from 'C:/Users/aleja/OneDrive/Escritorio/UC/SEP/Proyecto_Base_Booster_2025/Proyecto_Base_Booster/AC04_P2/export/AC04_P2/hw/DEMO_wrapper.xsa'.
16:15:27 INFO  : 'configparams force-mem-access 1' command is executed.
16:15:27 INFO  : Context for 'APU' is selected.
16:15:27 INFO  : Sourcing of 'C:/Users/aleja/OneDrive/Escritorio/UC/SEP/Proyecto_Base_Booster_2025/Proyecto_Base_Booster/test_boot_ac04/_ide/psinit/ps7_init.tcl' is done.
16:15:27 INFO  : 'ps7_init' command is executed.
16:15:27 INFO  : 'ps7_post_config' command is executed.
16:15:27 INFO  : Context for processor 'ps7_cortexa9_0' is selected.
16:15:28 INFO  : The application 'C:/Users/aleja/OneDrive/Escritorio/UC/SEP/Proyecto_Base_Booster_2025/Proyecto_Base_Booster/test_boot_ac04/Debug/test_boot_ac04.elf' is downloaded to processor 'ps7_cortexa9_0'.
16:15:28 INFO  : 'configparams force-mem-access 0' command is executed.
16:15:28 INFO  : ----------------XSDB Script----------------
connect -url tcp:127.0.0.1:3121
targets -set -nocase -filter {name =~"APU*"}
rst -system
after 3000
targets -set -filter {jtag_cable_name =~ "Digilent Zybo Z7 210351B3FC69A" && level==0 && jtag_device_ctx=="jsn-Zybo Z7-210351B3FC69A-13722093-0"}
fpga -file C:/Users/aleja/OneDrive/Escritorio/UC/SEP/Proyecto_Base_Booster_2025/Proyecto_Base_Booster/test_boot_ac04/_ide/bitstream/DEMO_wrapper.bit
targets -set -nocase -filter {name =~"APU*"}
loadhw -hw C:/Users/aleja/OneDrive/Escritorio/UC/SEP/Proyecto_Base_Booster_2025/Proyecto_Base_Booster/AC04_P2/export/AC04_P2/hw/DEMO_wrapper.xsa -mem-ranges [list {0x40000000 0xbfffffff}] -regs
configparams force-mem-access 1
targets -set -nocase -filter {name =~"APU*"}
source C:/Users/aleja/OneDrive/Escritorio/UC/SEP/Proyecto_Base_Booster_2025/Proyecto_Base_Booster/test_boot_ac04/_ide/psinit/ps7_init.tcl
ps7_init
ps7_post_config
targets -set -nocase -filter {name =~ "*A9*#0"}
dow C:/Users/aleja/OneDrive/Escritorio/UC/SEP/Proyecto_Base_Booster_2025/Proyecto_Base_Booster/test_boot_ac04/Debug/test_boot_ac04.elf
configparams force-mem-access 0
----------------End of Script----------------

16:15:28 INFO  : Context for processor 'ps7_cortexa9_0' is selected.
16:15:28 INFO  : 'con' command is executed.
16:15:28 INFO  : ----------------XSDB Script (After Launch)----------------
targets -set -nocase -filter {name =~ "*A9*#0"}
con
----------------End of Script----------------

16:15:28 INFO  : Launch script is exported to file 'C:\Users\aleja\OneDrive\Escritorio\UC\SEP\Proyecto_Base_Booster_2025\Proyecto_Base_Booster\.sdk\launch_scripts\single_application_debug\systemdebugger_test_boot_ac04_system_standalone.tcl'
16:20:36 INFO  : Successfully done sdx_reload_mss "C:/Users/aleja/OneDrive/Escritorio/UC/SEP/Proyecto_Base_Booster_2025/Proyecto_Base_Booster/AC04_P2/zynq_fsbl/zynq_fsbl_bsp/system.mss"
16:20:57 INFO  : Successfully done sdx_reload_mss "C:/Users/aleja/OneDrive/Escritorio/UC/SEP/Proyecto_Base_Booster_2025/Proyecto_Base_Booster/AC04_P2/ps7_cortexa9_0/standalone_domain/bsp/system.mss"
16:21:27 INFO  : Successfully done sdx_reload_mss "C:/Users/aleja/OneDrive/Escritorio/UC/SEP/Proyecto_Base_Booster_2025/Proyecto_Base_Booster/AC04_P2/ps7_cortexa9_0/standalone_domain/bsp/system.mss"
16:21:27 INFO  : No changes in MSS file content so sources will not be generated.
16:22:25 INFO  : (SwPlaform) Successfully done setParamInSpec 
16:22:41 INFO  : (SwPlatform) Successfully done update_mss 
16:22:41 INFO  : No changes in MSS file content so sources will not be generated.
16:23:31 INFO  : Disconnected from the channel tcfchan#13.
16:23:32 ERROR : Hardaware specification file used in the launch configuration 'SystemDebugger_test_boot_ac04_system_Standalone' doesn't exist at the location 'C:/Users/aleja/OneDrive/Escritorio/UC/SEP/Proyecto_Base_Booster_2025/Proyecto_Base_Booster/AC04_P2/export/AC04_P2/hw/DEMO_wrapper.xsa'.
16:23:44 ERROR : Hardaware specification file used in the launch configuration 'SystemDebugger_test_boot_ac04_system_Standalone' doesn't exist at the location 'C:/Users/aleja/OneDrive/Escritorio/UC/SEP/Proyecto_Base_Booster_2025/Proyecto_Base_Booster/AC04_P2/export/AC04_P2/hw/DEMO_wrapper.xsa'.
16:23:56 ERROR : Failed to openhw "C:/Users/aleja/OneDrive/Escritorio/UC/SEP/Proyecto_Base_Booster_2025/Proyecto_Base_Booster/AC04_P2/export/AC04_P2/hw/DEMO_wrapper.xsa"
Reason: ERROR: [Common 17-39] 'hsi::open_hw_design' failed due to earlier errors.

16:24:00 ERROR : Hardaware specification file used in the launch configuration 'Debugger_test_boot_ac04-Default' doesn't exist at the location 'C:/Users/aleja/OneDrive/Escritorio/UC/SEP/Proyecto_Base_Booster_2025/Proyecto_Base_Booster/AC04_P2/export/AC04_P2/hw/DEMO_wrapper.xsa'.
16:25:00 INFO  : Result from executing command 'getProjects': AC04_P2
16:25:00 INFO  : Result from executing command 'getPlatforms': AC04_P2|C:/Users/aleja/OneDrive/Escritorio/UC/SEP/Proyecto_Base_Booster_2025/Proyecto_Base_Booster/AC04_P2/export/AC04_P2/AC04_P2.xpfm
16:25:00 INFO  : Checking for BSP changes to sync application flags for project 'test_boot_ac04'...
16:25:02 INFO  : Updating application flags with new BSP settings...
16:25:02 ERROR : Failed to update application flags from BSP for 'test_boot_ac04'. Reason: null
java.lang.NullPointerException
	at com.xilinx.sdk.sw.internal.SwDb.getComponentAppCompilerFlags(SwDb.java:762)
	at com.xilinx.sdx.sw.internal.SDxSwPlatform.getSwPlatformCompilerFlags(SDxSwPlatform.java:1155)
	at com.xilinx.sdx.sdk.core.build.AppSwBuildOptionsHelper.inferSwPlatformFlags(AppSwBuildOptionsHelper.java:54)
	at com.xilinx.sdx.sdk.core.build.AppSwBuildOptionsHelper.updateBuildOptions(AppSwBuildOptionsHelper.java:46)
	at com.xilinx.sdx.sdk.core.build.SdkMakefileGenerationListener.updateSwBuildOptions(SdkMakefileGenerationListener.java:215)
	at com.xilinx.sdx.sdk.core.build.SdkMakefileGenerationListener.syncAppFlags(SdkMakefileGenerationListener.java:99)
	at com.xilinx.sdx.sdk.core.build.SdkMakefileGenerationListener.preMakefileGeneration(SdkMakefileGenerationListener.java:48)
	at com.xilinx.sdk.managedbuilder.XilinxGnuMakefileGenerator.notifyPreMakefileGenerationListeners(XilinxGnuMakefileGenerator.java:91)
	at com.xilinx.sdk.managedbuilder.XilinxGnuMakefileGenerator.regenerateMakefiles(XilinxGnuMakefileGenerator.java:75)
	at org.eclipse.cdt.managedbuilder.internal.core.CommonBuilder.performMakefileGeneration(CommonBuilder.java:1006)
	at org.eclipse.cdt.managedbuilder.internal.core.CommonBuilder.performPrebuildGeneration(CommonBuilder.java:873)
	at org.eclipse.cdt.managedbuilder.internal.core.CommonBuilder.build(CommonBuilder.java:748)
	at org.eclipse.cdt.managedbuilder.internal.core.CommonBuilder.build(CommonBuilder.java:513)
	at org.eclipse.cdt.managedbuilder.internal.core.CommonBuilder.build(CommonBuilder.java:459)
	at org.eclipse.core.internal.events.BuildManager$2.run(BuildManager.java:795)
	at org.eclipse.core.runtime.SafeRunner.run(SafeRunner.java:42)
	at org.eclipse.core.internal.events.BuildManager.basicBuild(BuildManager.java:216)
	at org.eclipse.core.internal.events.BuildManager.basicBuild(BuildManager.java:259)
	at org.eclipse.core.internal.events.BuildManager$1.run(BuildManager.java:312)
	at org.eclipse.core.runtime.SafeRunner.run(SafeRunner.java:42)
	at org.eclipse.core.internal.events.BuildManager.basicBuild(BuildManager.java:315)
	at org.eclipse.core.internal.events.BuildManager.basicBuildLoop(BuildManager.java:367)
	at org.eclipse.core.internal.events.BuildManager.build(BuildManager.java:388)
	at org.eclipse.core.internal.resources.Workspace.buildInternal(Workspace.java:501)
	at org.eclipse.core.internal.resources.Workspace.build(Workspace.java:408)
	at org.eclipse.ui.actions.BuildAction$1.runInWorkspace(BuildAction.java:288)
	at org.eclipse.core.internal.resources.InternalWorkspaceJob.run(InternalWorkspaceJob.java:39)
	at org.eclipse.core.internal.jobs.Worker.run(Worker.java:60)
16:25:26 INFO  : Connected to target on host '127.0.0.1' and port '3121'.
16:25:27 INFO  : Jtag cable 'Digilent Zybo Z7 210351B3FC69A' is selected.
16:25:27 INFO  : 'jtag frequency' command is executed.
16:25:27 INFO  : Context for 'APU' is selected.
16:25:27 INFO  : System reset is completed.
16:25:30 INFO  : 'after 3000' command is executed.
16:25:30 INFO  : 'targets -set -filter {jtag_cable_name =~ "Digilent Zybo Z7 210351B3FC69A" && level==0 && jtag_device_ctx=="jsn-Zybo Z7-210351B3FC69A-13722093-0"}' command is executed.
16:25:31 INFO  : FPGA configured successfully with bitstream "C:/Users/aleja/OneDrive/Escritorio/UC/SEP/Proyecto_Base_Booster_2025/Proyecto_Base_Booster/test_boot_ac04/_ide/bitstream/DEMO_wrapper.bit"
16:25:31 INFO  : Context for 'APU' is selected.
16:25:31 INFO  : Hardware design and registers information is loaded from 'C:/Users/aleja/OneDrive/Escritorio/UC/SEP/Proyecto_Base_Booster_2025/Proyecto_Base_Booster/AC04_P2/export/AC04_P2/hw/DEMO_wrapper.xsa'.
16:25:31 INFO  : 'configparams force-mem-access 1' command is executed.
16:25:31 INFO  : Context for 'APU' is selected.
16:25:31 INFO  : Sourcing of 'C:/Users/aleja/OneDrive/Escritorio/UC/SEP/Proyecto_Base_Booster_2025/Proyecto_Base_Booster/test_boot_ac04/_ide/psinit/ps7_init.tcl' is done.
16:25:32 INFO  : 'ps7_init' command is executed.
16:25:32 INFO  : 'ps7_post_config' command is executed.
16:25:32 INFO  : Context for processor 'ps7_cortexa9_0' is selected.
16:25:32 INFO  : The application 'C:/Users/aleja/OneDrive/Escritorio/UC/SEP/Proyecto_Base_Booster_2025/Proyecto_Base_Booster/test_boot_ac04/Debug/test_boot_ac04.elf' is downloaded to processor 'ps7_cortexa9_0'.
16:25:32 INFO  : 'configparams force-mem-access 0' command is executed.
16:25:32 INFO  : ----------------XSDB Script----------------
connect -url tcp:127.0.0.1:3121
targets -set -nocase -filter {name =~"APU*"}
rst -system
after 3000
targets -set -filter {jtag_cable_name =~ "Digilent Zybo Z7 210351B3FC69A" && level==0 && jtag_device_ctx=="jsn-Zybo Z7-210351B3FC69A-13722093-0"}
fpga -file C:/Users/aleja/OneDrive/Escritorio/UC/SEP/Proyecto_Base_Booster_2025/Proyecto_Base_Booster/test_boot_ac04/_ide/bitstream/DEMO_wrapper.bit
targets -set -nocase -filter {name =~"APU*"}
loadhw -hw C:/Users/aleja/OneDrive/Escritorio/UC/SEP/Proyecto_Base_Booster_2025/Proyecto_Base_Booster/AC04_P2/export/AC04_P2/hw/DEMO_wrapper.xsa -mem-ranges [list {0x40000000 0xbfffffff}] -regs
configparams force-mem-access 1
targets -set -nocase -filter {name =~"APU*"}
source C:/Users/aleja/OneDrive/Escritorio/UC/SEP/Proyecto_Base_Booster_2025/Proyecto_Base_Booster/test_boot_ac04/_ide/psinit/ps7_init.tcl
ps7_init
ps7_post_config
targets -set -nocase -filter {name =~ "*A9*#0"}
dow C:/Users/aleja/OneDrive/Escritorio/UC/SEP/Proyecto_Base_Booster_2025/Proyecto_Base_Booster/test_boot_ac04/Debug/test_boot_ac04.elf
configparams force-mem-access 0
----------------End of Script----------------

16:25:32 INFO  : Context for processor 'ps7_cortexa9_0' is selected.
16:25:32 INFO  : 'con' command is executed.
16:25:32 INFO  : ----------------XSDB Script (After Launch)----------------
targets -set -nocase -filter {name =~ "*A9*#0"}
con
----------------End of Script----------------

16:25:32 INFO  : Launch script is exported to file 'C:\Users\aleja\OneDrive\Escritorio\UC\SEP\Proyecto_Base_Booster_2025\Proyecto_Base_Booster\.sdk\launch_scripts\single_application_debug\systemdebugger_test_boot_ac04_system_standalone.tcl'
16:27:48 INFO  : Connected to target on host '127.0.0.1' and port '3121'.
16:27:48 INFO  : 'targets -set -filter {jtag_cable_name =~ "Digilent Zybo Z7 210351B3FC69A" && level==0 && jtag_device_ctx=="jsn-Zybo Z7-210351B3FC69A-13722093-0"}' command is executed.
16:27:49 INFO  : FPGA configured successfully with bitstream "C:/Users/aleja/OneDrive/Escritorio/UC/SEP/Proyecto_Base_Booster_2025/Proyecto_Base_Booster/test_boot_ac04/_ide/bitstream/DEMO_wrapper.bit"
16:27:56 INFO  : Disconnected from the channel tcfchan#17.
16:27:56 INFO  : Connected to target on host '127.0.0.1' and port '3121'.
16:27:56 INFO  : Jtag cable 'Digilent Zybo Z7 210351B3FC69A' is selected.
16:27:56 INFO  : 'jtag frequency' command is executed.
16:27:56 INFO  : Context for 'APU' is selected.
16:27:56 INFO  : System reset is completed.
16:27:59 INFO  : 'after 3000' command is executed.
16:27:59 INFO  : 'targets -set -filter {jtag_cable_name =~ "Digilent Zybo Z7 210351B3FC69A" && level==0 && jtag_device_ctx=="jsn-Zybo Z7-210351B3FC69A-13722093-0"}' command is executed.
16:28:00 INFO  : FPGA configured successfully with bitstream "C:/Users/aleja/OneDrive/Escritorio/UC/SEP/Proyecto_Base_Booster_2025/Proyecto_Base_Booster/test_boot_ac04/_ide/bitstream/DEMO_wrapper.bit"
16:28:00 INFO  : Context for 'APU' is selected.
16:28:00 INFO  : Hardware design and registers information is loaded from 'C:/Users/aleja/OneDrive/Escritorio/UC/SEP/Proyecto_Base_Booster_2025/Proyecto_Base_Booster/AC04_P2/export/AC04_P2/hw/DEMO_wrapper.xsa'.
16:28:00 INFO  : 'configparams force-mem-access 1' command is executed.
16:28:00 INFO  : Context for 'APU' is selected.
16:28:00 INFO  : Sourcing of 'C:/Users/aleja/OneDrive/Escritorio/UC/SEP/Proyecto_Base_Booster_2025/Proyecto_Base_Booster/test_boot_ac04/_ide/psinit/ps7_init.tcl' is done.
16:28:01 INFO  : 'ps7_init' command is executed.
16:28:01 INFO  : 'ps7_post_config' command is executed.
16:28:01 INFO  : Context for processor 'ps7_cortexa9_0' is selected.
16:28:01 INFO  : The application 'C:/Users/aleja/OneDrive/Escritorio/UC/SEP/Proyecto_Base_Booster_2025/Proyecto_Base_Booster/test_boot_ac04/Debug/test_boot_ac04.elf' is downloaded to processor 'ps7_cortexa9_0'.
16:28:01 INFO  : 'configparams force-mem-access 0' command is executed.
16:28:01 INFO  : ----------------XSDB Script----------------
connect -url tcp:127.0.0.1:3121
targets -set -nocase -filter {name =~"APU*"}
rst -system
after 3000
targets -set -filter {jtag_cable_name =~ "Digilent Zybo Z7 210351B3FC69A" && level==0 && jtag_device_ctx=="jsn-Zybo Z7-210351B3FC69A-13722093-0"}
fpga -file C:/Users/aleja/OneDrive/Escritorio/UC/SEP/Proyecto_Base_Booster_2025/Proyecto_Base_Booster/test_boot_ac04/_ide/bitstream/DEMO_wrapper.bit
targets -set -nocase -filter {name =~"APU*"}
loadhw -hw C:/Users/aleja/OneDrive/Escritorio/UC/SEP/Proyecto_Base_Booster_2025/Proyecto_Base_Booster/AC04_P2/export/AC04_P2/hw/DEMO_wrapper.xsa -mem-ranges [list {0x40000000 0xbfffffff}] -regs
configparams force-mem-access 1
targets -set -nocase -filter {name =~"APU*"}
source C:/Users/aleja/OneDrive/Escritorio/UC/SEP/Proyecto_Base_Booster_2025/Proyecto_Base_Booster/test_boot_ac04/_ide/psinit/ps7_init.tcl
ps7_init
ps7_post_config
targets -set -nocase -filter {name =~ "*A9*#0"}
dow C:/Users/aleja/OneDrive/Escritorio/UC/SEP/Proyecto_Base_Booster_2025/Proyecto_Base_Booster/test_boot_ac04/Debug/test_boot_ac04.elf
configparams force-mem-access 0
----------------End of Script----------------

16:28:01 INFO  : Context for processor 'ps7_cortexa9_0' is selected.
16:28:01 INFO  : 'con' command is executed.
16:28:01 INFO  : ----------------XSDB Script (After Launch)----------------
targets -set -nocase -filter {name =~ "*A9*#0"}
con
----------------End of Script----------------

16:28:01 INFO  : Launch script is exported to file 'C:\Users\aleja\OneDrive\Escritorio\UC\SEP\Proyecto_Base_Booster_2025\Proyecto_Base_Booster\.sdk\launch_scripts\single_application_debug\systemdebugger_test_boot_ac04_system_standalone.tcl'
16:30:56 ERROR : Failed to openhw "C:/Users/aleja/OneDrive/Escritorio/UC/SEP/Proyecto_Base_Booster_2025/Proyecto_Base_Booster/AC04_P2/export/AC04_P2/hw/DEMO_wrapper.xsa"
Reason: ERROR: [Common 17-39] 'hsi::open_hw_design' failed due to earlier errors.

16:31:41 INFO  : Checking for BSP changes to sync application flags for project 'test_boot_ac04'...
16:31:41 ERROR : Failed to openhw "C:/Users/aleja/OneDrive/Escritorio/UC/SEP/Proyecto_Base_Booster_2025/Proyecto_Base_Booster/AC04_P2/export/AC04_P2/hw/DEMO_wrapper.xsa"
Reason: ERROR: [Common 17-39] 'hsi::open_hw_design' failed due to earlier errors.

16:31:41 ERROR : Failed to update application flags from BSP for 'test_boot_ac04'. Reason: null
java.lang.NullPointerException
	at com.xilinx.sdx.sw.internal.SDxSwPlatform.<init>(SDxSwPlatform.java:302)
	at com.xilinx.sdx.sw.internal.SDxSwPlatform.create(SDxSwPlatform.java:211)
	at com.xilinx.sdx.sdk.core.util.SdkPlatformHelper.getSwPlatform(SdkPlatformHelper.java:60)
	at com.xilinx.sdx.sdk.core.build.SdkMakefileGenerationListener.getSwPlatform(SdkMakefileGenerationListener.java:160)
	at com.xilinx.sdx.sdk.core.build.SdkMakefileGenerationListener.syncAppFlags(SdkMakefileGenerationListener.java:78)
	at com.xilinx.sdx.sdk.core.build.SdkMakefileGenerationListener.preMakefileGeneration(SdkMakefileGenerationListener.java:48)
	at com.xilinx.sdk.managedbuilder.XilinxGnuMakefileGenerator.notifyPreMakefileGenerationListeners(XilinxGnuMakefileGenerator.java:91)
	at com.xilinx.sdk.managedbuilder.XilinxGnuMakefileGenerator.regenerateMakefiles(XilinxGnuMakefileGenerator.java:75)
	at org.eclipse.cdt.managedbuilder.internal.core.CommonBuilder.performMakefileGeneration(CommonBuilder.java:1006)
	at org.eclipse.cdt.managedbuilder.internal.core.CommonBuilder.performPrebuildGeneration(CommonBuilder.java:873)
	at org.eclipse.cdt.managedbuilder.internal.core.CommonBuilder.build(CommonBuilder.java:748)
	at org.eclipse.cdt.managedbuilder.internal.core.CommonBuilder.build(CommonBuilder.java:513)
	at org.eclipse.cdt.managedbuilder.internal.core.CommonBuilder.build(CommonBuilder.java:459)
	at org.eclipse.core.internal.events.BuildManager$2.run(BuildManager.java:795)
	at org.eclipse.core.runtime.SafeRunner.run(SafeRunner.java:42)
	at org.eclipse.core.internal.events.BuildManager.basicBuild(BuildManager.java:216)
	at org.eclipse.core.internal.events.BuildManager.basicBuild(BuildManager.java:259)
	at org.eclipse.core.internal.events.BuildManager$1.run(BuildManager.java:312)
	at org.eclipse.core.runtime.SafeRunner.run(SafeRunner.java:42)
	at org.eclipse.core.internal.events.BuildManager.basicBuild(BuildManager.java:315)
	at org.eclipse.core.internal.events.BuildManager.basicBuildLoop(BuildManager.java:367)
	at org.eclipse.core.internal.events.BuildManager.build(BuildManager.java:388)
	at org.eclipse.core.internal.resources.Workspace.buildInternal(Workspace.java:501)
	at org.eclipse.core.internal.resources.Workspace.build(Workspace.java:408)
	at org.eclipse.ui.actions.BuildAction$1.runInWorkspace(BuildAction.java:288)
	at org.eclipse.core.internal.resources.InternalWorkspaceJob.run(InternalWorkspaceJob.java:39)
	at org.eclipse.core.internal.jobs.Worker.run(Worker.java:60)
16:31:51 ERROR : Failed to openhw "C:/Users/aleja/OneDrive/Escritorio/UC/SEP/Proyecto_Base_Booster_2025/Proyecto_Base_Booster/AC04_P2/export/AC04_P2/hw/DEMO_wrapper.xsa"
Reason: ERROR: [Common 17-39] 'hsi::open_hw_design' failed due to earlier errors.

16:31:55 ERROR : Failed to openhw "C:/Users/aleja/OneDrive/Escritorio/UC/SEP/Proyecto_Base_Booster_2025/Proyecto_Base_Booster/AC04_P2/export/AC04_P2/hw/DEMO_wrapper.xsa"
Reason: ERROR: [Common 17-39] 'hsi::open_hw_design' failed due to earlier errors.

16:31:59 INFO  : Disconnected from the channel tcfchan#18.
16:31:59 ERROR : Hardaware specification file used in the launch configuration 'SystemDebugger_test_boot_ac04_system_Standalone' doesn't exist at the location 'C:/Users/aleja/OneDrive/Escritorio/UC/SEP/Proyecto_Base_Booster_2025/Proyecto_Base_Booster/AC04_P2/export/AC04_P2/hw/DEMO_wrapper.xsa'.
16:32:06 ERROR : Failed to openhw "C:/Users/aleja/OneDrive/Escritorio/UC/SEP/Proyecto_Base_Booster_2025/Proyecto_Base_Booster/AC04_P2/export/AC04_P2/hw/DEMO_wrapper.xsa"
Reason: ERROR: [Common 17-39] 'hsi::open_hw_design' failed due to earlier errors.

16:32:31 INFO  : Checking for BSP changes to sync application flags for project 'test_boot_ac04'...
16:32:31 ERROR : Failed to openhw "C:/Users/aleja/OneDrive/Escritorio/UC/SEP/Proyecto_Base_Booster_2025/Proyecto_Base_Booster/AC04_P2/export/AC04_P2/hw/DEMO_wrapper.xsa"
Reason: ERROR: [Common 17-39] 'hsi::open_hw_design' failed due to earlier errors.

16:32:31 ERROR : Failed to update application flags from BSP for 'test_boot_ac04'. Reason: null
java.lang.NullPointerException
	at com.xilinx.sdx.sw.internal.SDxSwPlatform.<init>(SDxSwPlatform.java:302)
	at com.xilinx.sdx.sw.internal.SDxSwPlatform.create(SDxSwPlatform.java:211)
	at com.xilinx.sdx.sdk.core.util.SdkPlatformHelper.getSwPlatform(SdkPlatformHelper.java:60)
	at com.xilinx.sdx.sdk.core.build.SdkMakefileGenerationListener.getSwPlatform(SdkMakefileGenerationListener.java:160)
	at com.xilinx.sdx.sdk.core.build.SdkMakefileGenerationListener.syncAppFlags(SdkMakefileGenerationListener.java:78)
	at com.xilinx.sdx.sdk.core.build.SdkMakefileGenerationListener.preMakefileGeneration(SdkMakefileGenerationListener.java:48)
	at com.xilinx.sdk.managedbuilder.XilinxGnuMakefileGenerator.notifyPreMakefileGenerationListeners(XilinxGnuMakefileGenerator.java:91)
	at com.xilinx.sdk.managedbuilder.XilinxGnuMakefileGenerator.generateMakefiles(XilinxGnuMakefileGenerator.java:40)
	at org.eclipse.cdt.managedbuilder.internal.core.CommonBuilder.performMakefileGeneration(CommonBuilder.java:1008)
	at org.eclipse.cdt.managedbuilder.internal.core.CommonBuilder.performPrebuildGeneration(CommonBuilder.java:873)
	at org.eclipse.cdt.managedbuilder.internal.core.CommonBuilder.build(CommonBuilder.java:748)
	at org.eclipse.cdt.managedbuilder.internal.core.CommonBuilder.build(CommonBuilder.java:510)
	at org.eclipse.cdt.managedbuilder.internal.core.CommonBuilder.build(CommonBuilder.java:459)
	at org.eclipse.core.internal.events.BuildManager$2.run(BuildManager.java:795)
	at org.eclipse.core.runtime.SafeRunner.run(SafeRunner.java:42)
	at org.eclipse.core.internal.events.BuildManager.basicBuild(BuildManager.java:216)
	at org.eclipse.core.internal.events.BuildManager.basicBuild(BuildManager.java:259)
	at org.eclipse.core.internal.events.BuildManager$1.run(BuildManager.java:312)
	at org.eclipse.core.runtime.SafeRunner.run(SafeRunner.java:42)
	at org.eclipse.core.internal.events.BuildManager.basicBuild(BuildManager.java:315)
	at org.eclipse.core.internal.events.BuildManager.basicBuildLoop(BuildManager.java:367)
	at org.eclipse.core.internal.events.BuildManager.build(BuildManager.java:388)
	at org.eclipse.core.internal.resources.Workspace.buildInternal(Workspace.java:501)
	at org.eclipse.core.internal.resources.Workspace.build(Workspace.java:408)
	at org.eclipse.ui.actions.BuildAction$1.runInWorkspace(BuildAction.java:288)
	at org.eclipse.core.internal.resources.InternalWorkspaceJob.run(InternalWorkspaceJob.java:39)
	at org.eclipse.core.internal.jobs.Worker.run(Worker.java:60)
16:32:32 ERROR : Failed to compute checksum of hardware specification file used by project 'test_boot_ac04'
16:32:32 ERROR : Failed to openhw "C:/Users/aleja/OneDrive/Escritorio/UC/SEP/Proyecto_Base_Booster_2025/Proyecto_Base_Booster/AC04_P2/export/AC04_P2/hw/DEMO_wrapper.xsa"
Reason: ERROR: [Common 17-39] 'hsi::open_hw_design' failed due to earlier errors.

16:32:32 ERROR : Failed to openhw "C:/Users/aleja/OneDrive/Escritorio/UC/SEP/Proyecto_Base_Booster_2025/Proyecto_Base_Booster/AC04_P2/export/AC04_P2/hw/DEMO_wrapper.xsa"
Reason: ERROR: [Common 17-39] 'hsi::open_hw_design' failed due to earlier errors.

16:32:32 ERROR : Failed to openhw "C:/Users/aleja/OneDrive/Escritorio/UC/SEP/Proyecto_Base_Booster_2025/Proyecto_Base_Booster/AC04_P2/export/AC04_P2/hw/DEMO_wrapper.xsa"
Reason: ERROR: [Common 17-39] 'hsi::open_hw_design' failed due to earlier errors.

16:32:47 ERROR : Hardaware specification file used in the launch configuration 'SystemDebugger_test_boot_ac04_system_Standalone' doesn't exist at the location 'C:/Users/aleja/OneDrive/Escritorio/UC/SEP/Proyecto_Base_Booster_2025/Proyecto_Base_Booster/AC04_P2/export/AC04_P2/hw/DEMO_wrapper.xsa'.
16:32:49 ERROR : Failed to openhw "C:/Users/aleja/OneDrive/Escritorio/UC/SEP/Proyecto_Base_Booster_2025/Proyecto_Base_Booster/AC04_P2/export/AC04_P2/hw/DEMO_wrapper.xsa"
Reason: ERROR: [Common 17-39] 'hsi::open_hw_design' failed due to earlier errors.

16:32:51 ERROR : Hardaware specification file used in the launch configuration 'Debugger_test_boot_ac04-Default' doesn't exist at the location 'C:/Users/aleja/OneDrive/Escritorio/UC/SEP/Proyecto_Base_Booster_2025/Proyecto_Base_Booster/AC04_P2/export/AC04_P2/hw/DEMO_wrapper.xsa'.
16:33:06 INFO  : Hardware specification for platform project 'AC04_P2' is updated.
16:34:45 INFO  : Result from executing command 'getProjects': AC04_P2
16:34:45 INFO  : Result from executing command 'getPlatforms': AC04_P2|C:/Users/aleja/OneDrive/Escritorio/UC/SEP/Proyecto_Base_Booster_2025/Proyecto_Base_Booster/AC04_P2/export/AC04_P2/AC04_P2.xpfm
16:35:25 INFO  : Connected to target on host '127.0.0.1' and port '3121'.
16:35:25 INFO  : Jtag cable 'Digilent Zybo Z7 210351B3FC69A' is selected.
16:35:25 INFO  : 'jtag frequency' command is executed.
16:35:25 INFO  : Context for 'APU' is selected.
16:35:25 INFO  : System reset is completed.
16:35:28 INFO  : 'after 3000' command is executed.
16:35:28 INFO  : 'targets -set -filter {jtag_cable_name =~ "Digilent Zybo Z7 210351B3FC69A" && level==0 && jtag_device_ctx=="jsn-Zybo Z7-210351B3FC69A-13722093-0"}' command is executed.
16:35:29 INFO  : FPGA configured successfully with bitstream "C:/Users/aleja/OneDrive/Escritorio/UC/SEP/Proyecto_Base_Booster_2025/Proyecto_Base_Booster/test_boot_ac04/_ide/bitstream/DEMO_wrapper.bit"
16:35:30 INFO  : Context for 'APU' is selected.
16:35:30 INFO  : Hardware design and registers information is loaded from 'C:/Users/aleja/OneDrive/Escritorio/UC/SEP/Proyecto_Base_Booster_2025/Proyecto_Base_Booster/AC04_P2/export/AC04_P2/hw/DEMO_wrapper.xsa'.
16:35:30 INFO  : 'configparams force-mem-access 1' command is executed.
16:35:30 INFO  : Context for 'APU' is selected.
16:35:30 INFO  : Sourcing of 'C:/Users/aleja/OneDrive/Escritorio/UC/SEP/Proyecto_Base_Booster_2025/Proyecto_Base_Booster/test_boot_ac04/_ide/psinit/ps7_init.tcl' is done.
16:35:30 INFO  : 'ps7_init' command is executed.
16:35:30 INFO  : 'ps7_post_config' command is executed.
16:35:30 INFO  : Context for processor 'ps7_cortexa9_0' is selected.
16:35:30 INFO  : The application 'C:/Users/aleja/OneDrive/Escritorio/UC/SEP/Proyecto_Base_Booster_2025/Proyecto_Base_Booster/test_boot_ac04/Debug/test_boot_ac04.elf' is downloaded to processor 'ps7_cortexa9_0'.
16:35:30 INFO  : 'configparams force-mem-access 0' command is executed.
16:35:30 INFO  : ----------------XSDB Script----------------
connect -url tcp:127.0.0.1:3121
targets -set -nocase -filter {name =~"APU*"}
rst -system
after 3000
targets -set -filter {jtag_cable_name =~ "Digilent Zybo Z7 210351B3FC69A" && level==0 && jtag_device_ctx=="jsn-Zybo Z7-210351B3FC69A-13722093-0"}
fpga -file C:/Users/aleja/OneDrive/Escritorio/UC/SEP/Proyecto_Base_Booster_2025/Proyecto_Base_Booster/test_boot_ac04/_ide/bitstream/DEMO_wrapper.bit
targets -set -nocase -filter {name =~"APU*"}
loadhw -hw C:/Users/aleja/OneDrive/Escritorio/UC/SEP/Proyecto_Base_Booster_2025/Proyecto_Base_Booster/AC04_P2/export/AC04_P2/hw/DEMO_wrapper.xsa -mem-ranges [list {0x40000000 0xbfffffff}] -regs
configparams force-mem-access 1
targets -set -nocase -filter {name =~"APU*"}
source C:/Users/aleja/OneDrive/Escritorio/UC/SEP/Proyecto_Base_Booster_2025/Proyecto_Base_Booster/test_boot_ac04/_ide/psinit/ps7_init.tcl
ps7_init
ps7_post_config
targets -set -nocase -filter {name =~ "*A9*#0"}
dow C:/Users/aleja/OneDrive/Escritorio/UC/SEP/Proyecto_Base_Booster_2025/Proyecto_Base_Booster/test_boot_ac04/Debug/test_boot_ac04.elf
configparams force-mem-access 0
----------------End of Script----------------

16:35:31 INFO  : Context for processor 'ps7_cortexa9_0' is selected.
16:35:31 INFO  : 'con' command is executed.
16:35:31 INFO  : ----------------XSDB Script (After Launch)----------------
targets -set -nocase -filter {name =~ "*A9*#0"}
con
----------------End of Script----------------

16:35:31 INFO  : Launch script is exported to file 'C:\Users\aleja\OneDrive\Escritorio\UC\SEP\Proyecto_Base_Booster_2025\Proyecto_Base_Booster\.sdk\launch_scripts\single_application_debug\systemdebugger_test_boot_ac04_system_standalone.tcl'
16:53:56 INFO  : Disconnected from the channel tcfchan#24.
