#-----------------------------------------------------------
# Vivado v2020.1 (64-bit)
# SW Build 2902540 on Wed May 27 19:54:49 MDT 2020
# IP Build 2902112 on Wed May 27 22:43:36 MDT 2020
# Start of session at: Sun Apr 26 12:31:49 2026
# Process ID: 27720
# Current directory: C:/Users/aleja/OneDrive/Escritorio/UC/SEP/Proyecto_Base_Booster_2025/Proyecto_Base_Booster/HW_Base_Booster_2025
# Command line: vivado.exe -gui_launcher_event rodinguilauncherevent5052 C:\Users\aleja\OneDrive\Escritorio\UC\SEP\Proyecto_Base_Booster_2025\Proyecto_Base_Booster\HW_Base_Booster_2025\Proyecto_Base_Booster_2025.xpr
# Log file: C:/Users/aleja/OneDrive/Escritorio/UC/SEP/Proyecto_Base_Booster_2025/Proyecto_Base_Booster/HW_Base_Booster_2025/vivado.log
# Journal file: C:/Users/aleja/OneDrive/Escritorio/UC/SEP/Proyecto_Base_Booster_2025/Proyecto_Base_Booster/HW_Base_Booster_2025\vivado.jou
#-----------------------------------------------------------
start_gui
open_project C:/Users/aleja/OneDrive/Escritorio/UC/SEP/Proyecto_Base_Booster_2025/Proyecto_Base_Booster/HW_Base_Booster_2025/Proyecto_Base_Booster_2025.xpr
INFO: [ProjectBase 1-489] The host OS only allows 260 characters in a normal path. The project is stored in a path with more than 80 characters. If you experience issues with IP, Block Designs, or files not being found, please consider moving the project to a location with a shorter path. Alternately consider using the OS subst command to map part of the path to a drive letter.
Current project path is 'C:/Users/aleja/OneDrive/Escritorio/UC/SEP/Proyecto_Base_Booster_2025/Proyecto_Base_Booster/HW_Base_Booster_2025'
INFO: [Project 1-313] Project file moved from '/home/articunot/Downloads/Proyecto_Base_Booster_2025' since last save.
CRITICAL WARNING: [Project 1-311] Could not find the file 'C:/Users/aleja/OneDrive/Escritorio/UC/SEP/Proyecto_Base_Booster_2025/Proyecto_Base_Booster/SEP/Proyecto_Base_Booster_v2/DEMODEFINITIVA/DEMODEFINITIVA/Zybo-Z7-Master.xdc', nor could it be found using path 'C:/home/articunot/Downloads/SEP/Proyecto_Base_Booster_v2/DEMODEFINITIVA/DEMODEFINITIVA/Zybo-Z7-Master.xdc'.
Scanning sources...
Finished scanning sources
WARNING: [filemgmt 56-2] IP Repository Path: Could not find the directory 'C:/Users/aleja/OneDrive/Escritorio/UC/SEP/Proyecto_Base_Booster_2025/Proyecto_Base_Booster/Proyecto_Base_Booster/ip_repo', nor could it be found using path 'C:/home/articunot/Downloads/Proyecto_Base_Booster/ip_repo'.
INFO: [IP_Flow 19-234] Refreshing IP repositories
WARNING: [IP_Flow 19-2248] Failed to load user IP repository 'c:/Users/aleja/OneDrive/Escritorio/UC/SEP/Proyecto_Base_Booster_2025/Proyecto_Base_Booster/Proyecto_Base_Booster/ip_repo'; Can't find the specified path.
If this directory should no longer be in your list of user repositories, go to the IP Settings dialog and remove it.
INFO: [IP_Flow 19-2313] Loaded Vivado IP repository 'C:/Xilinx/Vivado/2020.1/data/ip'.
open_project: Time (s): cpu = 00:00:20 ; elapsed = 00:00:15 . Memory (MB): peak = 1047.691 ; gain = 0.000
update_compile_order -fileset sources_1
open_bd_design {C:/Users/aleja/OneDrive/Escritorio/UC/SEP/Proyecto_Base_Booster_2025/Proyecto_Base_Booster/HW_Base_Booster_2025/Proyecto_Base_Booster_2025.srcs/sources_1/bd/DEMO/DEMO.bd}
Adding component instance block -- xilinx.com:ip:axi_interconnect:2.1 - ps7_0_axi_periph
Adding component instance block -- xilinx.com:ip:axi_crossbar:2.1 - xbar
Adding component instance block -- xilinx.com:ip:axi_protocol_converter:2.1 - auto_pc
Adding component instance block -- xilinx.com:module_ref:BUZZER:1.0 - BUZZER_0
Adding component instance block -- xilinx.com:ip:axi_gpio:2.0 - axi_gpio_0
Adding component instance block -- xilinx.com:ip:axi_iic:2.0 - axi_iic_0
Adding component instance block -- xilinx.com:ip:axi_quad_spi:3.2 - axi_quad_spi_0
Adding component instance block -- xilinx.com:ip:axi_quad_spi:3.2 - axi_quad_spi_1
Adding component instance block -- xilinx.com:ip:processing_system7:5.5 - processing_system7_0
WARNING: [BD 41-176] The physical port 'S_AXI_GP2_rd_socket' specified in the portmap, is not found on the block! 
WARNING: [BD 41-176] The physical port 'S_AXI_GP2_wr_socket' specified in the portmap, is not found on the block! 
WARNING: [BD 41-176] The physical port 'S_AXI_GP3_rd_socket' specified in the portmap, is not found on the block! 
WARNING: [BD 41-176] The physical port 'S_AXI_GP3_wr_socket' specified in the portmap, is not found on the block! 
Adding component instance block -- xilinx.com:ip:proc_sys_reset:5.0 - rst_ps7_0_50M
Successfully read diagram <DEMO> from BD file <C:/Users/aleja/OneDrive/Escritorio/UC/SEP/Proyecto_Base_Booster_2025/Proyecto_Base_Booster/HW_Base_Booster_2025/Proyecto_Base_Booster_2025.srcs/sources_1/bd/DEMO/DEMO.bd>
open_bd_design: Time (s): cpu = 00:00:13 ; elapsed = 00:00:12 . Memory (MB): peak = 1047.691 ; gain = 0.000
launch_runs impl_1 -to_step write_bitstream -jobs 6
INFO: [xilinx.com:ip:axi_quad_spi:3.2-1] /axi_quad_spi_0 
                   #######################################################################################
                   INFO: AXI Quad SPI core's AXI Lite Clock and EXT SPI CLK are synchronous to each other.
                   ########################################################################################
INFO: [xilinx.com:ip:axi_quad_spi:3.2-1] /axi_quad_spi_0 
                   #######################################################################################
                   INFO: AXI Quad SPI core's AXI Lite Clock and EXT SPI CLK are synchronous to each other.
                   ########################################################################################
INFO: [xilinx.com:ip:axi_quad_spi:3.2-1] /axi_quad_spi_1 
                   #######################################################################################
                   INFO: AXI Quad SPI core's AXI Lite Clock and EXT SPI CLK are synchronous to each other.
                   ########################################################################################
INFO: [xilinx.com:ip:axi_quad_spi:3.2-1] /axi_quad_spi_1 
                   #######################################################################################
                   INFO: AXI Quad SPI core's AXI Lite Clock and EXT SPI CLK are synchronous to each other.
                   ########################################################################################
Wrote  : <C:\Users\aleja\OneDrive\Escritorio\UC\SEP\Proyecto_Base_Booster_2025\Proyecto_Base_Booster\HW_Base_Booster_2025\Proyecto_Base_Booster_2025.srcs\sources_1\bd\DEMO\DEMO.bd> 
Wrote  : <C:/Users/aleja/OneDrive/Escritorio/UC/SEP/Proyecto_Base_Booster_2025/Proyecto_Base_Booster/HW_Base_Booster_2025/Proyecto_Base_Booster_2025.srcs/sources_1/bd/DEMO/ui/bd_58220e03.ui> 
VHDL Output written to : C:/Users/aleja/OneDrive/Escritorio/UC/SEP/Proyecto_Base_Booster_2025/Proyecto_Base_Booster/HW_Base_Booster_2025/Proyecto_Base_Booster_2025.srcs/sources_1/bd/DEMO/synth/DEMO.vhd
VHDL Output written to : C:/Users/aleja/OneDrive/Escritorio/UC/SEP/Proyecto_Base_Booster_2025/Proyecto_Base_Booster/HW_Base_Booster_2025/Proyecto_Base_Booster_2025.srcs/sources_1/bd/DEMO/sim/DEMO.vhd
VHDL Output written to : C:/Users/aleja/OneDrive/Escritorio/UC/SEP/Proyecto_Base_Booster_2025/Proyecto_Base_Booster/HW_Base_Booster_2025/Proyecto_Base_Booster_2025.srcs/sources_1/bd/DEMO/hdl/DEMO_wrapper.vhd
INFO: [BD 41-1029] Generation completed for the IP Integrator block axi_quad_spi_1 .
WARNING: [IP_Flow 19-4994] Overwriting existing constraint file 'c:/Users/aleja/OneDrive/Escritorio/UC/SEP/Proyecto_Base_Booster_2025/Proyecto_Base_Booster/HW_Base_Booster_2025/Proyecto_Base_Booster_2025.srcs/sources_1/bd/DEMO/ip/DEMO_auto_pc_0/DEMO_auto_pc_0_ooc.xdc'
INFO: [BD 41-1029] Generation completed for the IP Integrator block ps7_0_axi_periph/s00_couplers/auto_pc .
Exporting to file C:/Users/aleja/OneDrive/Escritorio/UC/SEP/Proyecto_Base_Booster_2025/Proyecto_Base_Booster/HW_Base_Booster_2025/Proyecto_Base_Booster_2025.srcs/sources_1/bd/DEMO/hw_handoff/DEMO.hwh
Generated Block Design Tcl file C:/Users/aleja/OneDrive/Escritorio/UC/SEP/Proyecto_Base_Booster_2025/Proyecto_Base_Booster/HW_Base_Booster_2025/Proyecto_Base_Booster_2025.srcs/sources_1/bd/DEMO/hw_handoff/DEMO_bd.tcl
Generated Hardware Definition File C:/Users/aleja/OneDrive/Escritorio/UC/SEP/Proyecto_Base_Booster_2025/Proyecto_Base_Booster/HW_Base_Booster_2025/Proyecto_Base_Booster_2025.srcs/sources_1/bd/DEMO/synth/DEMO.hwdef
[Sun Apr 26 12:42:08 2026] Launched DEMO_xbar_0_synth_1, DEMO_BUZZER_0_0_synth_1, DEMO_axi_gpio_0_0_synth_1, DEMO_processing_system7_0_0_synth_1, DEMO_rst_ps7_0_50M_0_synth_1, DEMO_axi_quad_spi_1_0_synth_1, DEMO_axi_iic_0_1_synth_1, DEMO_axi_quad_spi_0_0_synth_1, DEMO_auto_pc_0_synth_1, synth_1...
Run output will be captured here:
DEMO_xbar_0_synth_1: C:/Users/aleja/OneDrive/Escritorio/UC/SEP/Proyecto_Base_Booster_2025/Proyecto_Base_Booster/HW_Base_Booster_2025/Proyecto_Base_Booster_2025.runs/DEMO_xbar_0_synth_1/runme.log
DEMO_BUZZER_0_0_synth_1: C:/Users/aleja/OneDrive/Escritorio/UC/SEP/Proyecto_Base_Booster_2025/Proyecto_Base_Booster/HW_Base_Booster_2025/Proyecto_Base_Booster_2025.runs/DEMO_BUZZER_0_0_synth_1/runme.log
DEMO_axi_gpio_0_0_synth_1: C:/Users/aleja/OneDrive/Escritorio/UC/SEP/Proyecto_Base_Booster_2025/Proyecto_Base_Booster/HW_Base_Booster_2025/Proyecto_Base_Booster_2025.runs/DEMO_axi_gpio_0_0_synth_1/runme.log
DEMO_processing_system7_0_0_synth_1: C:/Users/aleja/OneDrive/Escritorio/UC/SEP/Proyecto_Base_Booster_2025/Proyecto_Base_Booster/HW_Base_Booster_2025/Proyecto_Base_Booster_2025.runs/DEMO_processing_system7_0_0_synth_1/runme.log
DEMO_rst_ps7_0_50M_0_synth_1: C:/Users/aleja/OneDrive/Escritorio/UC/SEP/Proyecto_Base_Booster_2025/Proyecto_Base_Booster/HW_Base_Booster_2025/Proyecto_Base_Booster_2025.runs/DEMO_rst_ps7_0_50M_0_synth_1/runme.log
DEMO_axi_quad_spi_1_0_synth_1: C:/Users/aleja/OneDrive/Escritorio/UC/SEP/Proyecto_Base_Booster_2025/Proyecto_Base_Booster/HW_Base_Booster_2025/Proyecto_Base_Booster_2025.runs/DEMO_axi_quad_spi_1_0_synth_1/runme.log
DEMO_axi_iic_0_1_synth_1: C:/Users/aleja/OneDrive/Escritorio/UC/SEP/Proyecto_Base_Booster_2025/Proyecto_Base_Booster/HW_Base_Booster_2025/Proyecto_Base_Booster_2025.runs/DEMO_axi_iic_0_1_synth_1/runme.log
DEMO_axi_quad_spi_0_0_synth_1: C:/Users/aleja/OneDrive/Escritorio/UC/SEP/Proyecto_Base_Booster_2025/Proyecto_Base_Booster/HW_Base_Booster_2025/Proyecto_Base_Booster_2025.runs/DEMO_axi_quad_spi_0_0_synth_1/runme.log
DEMO_auto_pc_0_synth_1: C:/Users/aleja/OneDrive/Escritorio/UC/SEP/Proyecto_Base_Booster_2025/Proyecto_Base_Booster/HW_Base_Booster_2025/Proyecto_Base_Booster_2025.runs/DEMO_auto_pc_0_synth_1/runme.log
synth_1: C:/Users/aleja/OneDrive/Escritorio/UC/SEP/Proyecto_Base_Booster_2025/Proyecto_Base_Booster/HW_Base_Booster_2025/Proyecto_Base_Booster_2025.runs/synth_1/runme.log
[Sun Apr 26 12:42:10 2026] Launched impl_1...
Run output will be captured here: C:/Users/aleja/OneDrive/Escritorio/UC/SEP/Proyecto_Base_Booster_2025/Proyecto_Base_Booster/HW_Base_Booster_2025/Proyecto_Base_Booster_2025.runs/impl_1/runme.log
launch_runs: Time (s): cpu = 00:00:38 ; elapsed = 00:00:57 . Memory (MB): peak = 1167.676 ; gain = 119.984
add_files -fileset constrs_1 -norecurse C:/Users/aleja/OneDrive/Escritorio/UC/SEP/Proyecto_Base_Booster_2025/Proyecto_Base_Booster/Zybo-Z7-Master.xdc
export_ip_user_files -of_objects  [get_files C:/Users/aleja/OneDrive/Escritorio/UC/SEP/Proyecto_Base_Booster_2025/Proyecto_Base_Booster/SEP/Proyecto_Base_Booster_v2/DEMODEFINITIVA/DEMODEFINITIVA/Zybo-Z7-Master.xdc] -no_script -reset -force -quiet
remove_files  -fileset constrs_1 C:/Users/aleja/OneDrive/Escritorio/UC/SEP/Proyecto_Base_Booster_2025/Proyecto_Base_Booster/SEP/Proyecto_Base_Booster_v2/DEMODEFINITIVA/DEMODEFINITIVA/Zybo-Z7-Master.xdc
export_ip_user_files -of_objects  [get_files C:/Users/aleja/OneDrive/Escritorio/UC/SEP/Proyecto_Base_Booster_2025/Proyecto_Base_Booster/Zybo-Z7-Master.xdc] -no_script -reset -force -quiet
remove_files  -fileset constrs_1 C:/Users/aleja/OneDrive/Escritorio/UC/SEP/Proyecto_Base_Booster_2025/Proyecto_Base_Booster/Zybo-Z7-Master.xdc
add_files -fileset constrs_1 -norecurse C:/Users/aleja/OneDrive/Escritorio/UC/SEP/Proyecto_Base_Booster_2025/Proyecto_Base_Booster/HW_Base_Booster_2025/Proyecto_Base_Booster_2025.srcs/sources_1/bd/DEMO/DEMO_ooc.xdc
reset_run synth_1
launch_runs impl_1 -to_step write_bitstream -jobs 6
[Sun Apr 26 12:56:09 2026] Launched synth_1...
Run output will be captured here: C:/Users/aleja/OneDrive/Escritorio/UC/SEP/Proyecto_Base_Booster_2025/Proyecto_Base_Booster/HW_Base_Booster_2025/Proyecto_Base_Booster_2025.runs/synth_1/runme.log
[Sun Apr 26 12:56:09 2026] Launched impl_1...
Run output will be captured here: C:/Users/aleja/OneDrive/Escritorio/UC/SEP/Proyecto_Base_Booster_2025/Proyecto_Base_Booster/HW_Base_Booster_2025/Proyecto_Base_Booster_2025.runs/impl_1/runme.log
reset_run synth_1
launch_runs impl_1 -to_step write_bitstream -jobs 6
[Sun Apr 26 13:06:45 2026] Launched synth_1...
Run output will be captured here: C:/Users/aleja/OneDrive/Escritorio/UC/SEP/Proyecto_Base_Booster_2025/Proyecto_Base_Booster/HW_Base_Booster_2025/Proyecto_Base_Booster_2025.runs/synth_1/runme.log
[Sun Apr 26 13:06:45 2026] Launched impl_1...
Run output will be captured here: C:/Users/aleja/OneDrive/Escritorio/UC/SEP/Proyecto_Base_Booster_2025/Proyecto_Base_Booster/HW_Base_Booster_2025/Proyecto_Base_Booster_2025.runs/impl_1/runme.log
set_property target_constrs_file C:/Users/aleja/OneDrive/Escritorio/UC/SEP/Proyecto_Base_Booster_2025/Proyecto_Base_Booster/HW_Base_Booster_2025/Proyecto_Base_Booster_2025.srcs/sources_1/bd/DEMO/DEMO_ooc.xdc [current_fileset -constrset]
reset_run impl_1 -prev_step 
launch_runs impl_1 -to_step write_bitstream -jobs 6
[Sun Apr 26 13:09:04 2026] Launched impl_1...
Run output will be captured here: C:/Users/aleja/OneDrive/Escritorio/UC/SEP/Proyecto_Base_Booster_2025/Proyecto_Base_Booster/HW_Base_Booster_2025/Proyecto_Base_Booster_2025.runs/impl_1/runme.log
export_ip_user_files -of_objects  [get_files C:/Users/aleja/OneDrive/Escritorio/UC/SEP/Proyecto_Base_Booster_2025/Proyecto_Base_Booster/HW_Base_Booster_2025/Proyecto_Base_Booster_2025.srcs/sources_1/bd/DEMO/DEMO_ooc.xdc] -no_script -reset -force -quiet
remove_files  -fileset constrs_1 C:/Users/aleja/OneDrive/Escritorio/UC/SEP/Proyecto_Base_Booster_2025/Proyecto_Base_Booster/HW_Base_Booster_2025/Proyecto_Base_Booster_2025.srcs/sources_1/bd/DEMO/DEMO_ooc.xdc
file mkdir C:/Users/aleja/OneDrive/Escritorio/UC/SEP/Proyecto_Base_Booster_2025/Proyecto_Base_Booster/HW_Base_Booster_2025/Proyecto_Base_Booster_2025.srcs/constrs_1
file mkdir C:/Users/aleja/OneDrive/Escritorio/UC/SEP/Proyecto_Base_Booster_2025/Proyecto_Base_Booster/HW_Base_Booster_2025/Proyecto_Base_Booster_2025.srcs/constrs_1/new
close [ open C:/Users/aleja/OneDrive/Escritorio/UC/SEP/Proyecto_Base_Booster_2025/Proyecto_Base_Booster/HW_Base_Booster_2025/Proyecto_Base_Booster_2025.srcs/constrs_1/new/new_constrain.xdc w ]
add_files -fileset constrs_1 C:/Users/aleja/OneDrive/Escritorio/UC/SEP/Proyecto_Base_Booster_2025/Proyecto_Base_Booster/HW_Base_Booster_2025/Proyecto_Base_Booster_2025.srcs/constrs_1/new/new_constrain.xdc
reset_run synth_1
launch_runs impl_1 -to_step write_bitstream -jobs 6
[Sun Apr 26 13:12:11 2026] Launched synth_1...
Run output will be captured here: C:/Users/aleja/OneDrive/Escritorio/UC/SEP/Proyecto_Base_Booster_2025/Proyecto_Base_Booster/HW_Base_Booster_2025/Proyecto_Base_Booster_2025.runs/synth_1/runme.log
[Sun Apr 26 13:12:11 2026] Launched impl_1...
Run output will be captured here: C:/Users/aleja/OneDrive/Escritorio/UC/SEP/Proyecto_Base_Booster_2025/Proyecto_Base_Booster/HW_Base_Booster_2025/Proyecto_Base_Booster_2025.runs/impl_1/runme.log
reset_run synth_1
launch_runs impl_1 -to_step write_bitstream -jobs 6
[Sun Apr 26 13:19:28 2026] Launched synth_1...
Run output will be captured here: C:/Users/aleja/OneDrive/Escritorio/UC/SEP/Proyecto_Base_Booster_2025/Proyecto_Base_Booster/HW_Base_Booster_2025/Proyecto_Base_Booster_2025.runs/synth_1/runme.log
[Sun Apr 26 13:19:28 2026] Launched impl_1...
Run output will be captured here: C:/Users/aleja/OneDrive/Escritorio/UC/SEP/Proyecto_Base_Booster_2025/Proyecto_Base_Booster/HW_Base_Booster_2025/Proyecto_Base_Booster_2025.runs/impl_1/runme.log
set_property pfm_name {} [get_files -all {C:/Users/aleja/OneDrive/Escritorio/UC/SEP/Proyecto_Base_Booster_2025/Proyecto_Base_Booster/HW_Base_Booster_2025/Proyecto_Base_Booster_2025.srcs/sources_1/bd/DEMO/DEMO.bd}]
write_hw_platform -fixed -include_bit -force -file C:/Users/aleja/OneDrive/Escritorio/UC/SEP/Proyecto_Base_Booster_2025/Proyecto_Base_Booster/HW_Base_Booster_2025/DEMO_wrapper.xsa
INFO: [Vivado 12-4895] Creating Hardware Platform: C:/Users/aleja/OneDrive/Escritorio/UC/SEP/Proyecto_Base_Booster_2025/Proyecto_Base_Booster/HW_Base_Booster_2025/DEMO_wrapper.xsa ...
INFO: [Hsi 55-2053] elapsed time for repository (C:/Xilinx/Vivado/2020.1/data\embeddedsw) loading 1 seconds
INFO: [Vivado 12-4896] Successfully created Hardware Platform: C:/Users/aleja/OneDrive/Escritorio/UC/SEP/Proyecto_Base_Booster_2025/Proyecto_Base_Booster/HW_Base_Booster_2025/DEMO_wrapper.xsa
write_hw_platform: Time (s): cpu = 00:00:07 ; elapsed = 00:00:09 . Memory (MB): peak = 1280.848 ; gain = 47.555
INFO: [Vivado 12-8231] Launching Vitis
INFO: [Vivado 12-417] Running vitis
INFO: [Vivado 12-8232] Vitis launch initiated. Please check console for any further messages.
CRITICAL WARNING: [PSU-1]  Parameter : PCW_UIPARAM_DDR_DQS_TO_CLK_DELAY_0 has negative value -0.050 . PS DDR interfaces might fail when entering negative DQS skew values. 
CRITICAL WARNING: [PSU-2]  Parameter : PCW_UIPARAM_DDR_DQS_TO_CLK_DELAY_1 has negative value -0.044 . PS DDR interfaces might fail when entering negative DQS skew values. 
CRITICAL WARNING: [PSU-3]  Parameter : PCW_UIPARAM_DDR_DQS_TO_CLK_DELAY_2 has negative value -0.035 . PS DDR interfaces might fail when entering negative DQS skew values. 
CRITICAL WARNING: [PSU-4]  Parameter : PCW_UIPARAM_DDR_DQS_TO_CLK_DELAY_3 has negative value -0.100 . PS DDR interfaces might fail when entering negative DQS skew values. 
CRITICAL WARNING: [PSU-1]  Parameter : PCW_UIPARAM_DDR_DQS_TO_CLK_DELAY_0 has negative value -0.050 . PS DDR interfaces might fail when entering negative DQS skew values. 
CRITICAL WARNING: [PSU-2]  Parameter : PCW_UIPARAM_DDR_DQS_TO_CLK_DELAY_1 has negative value -0.044 . PS DDR interfaces might fail when entering negative DQS skew values. 
CRITICAL WARNING: [PSU-3]  Parameter : PCW_UIPARAM_DDR_DQS_TO_CLK_DELAY_2 has negative value -0.035 . PS DDR interfaces might fail when entering negative DQS skew values. 
CRITICAL WARNING: [PSU-4]  Parameter : PCW_UIPARAM_DDR_DQS_TO_CLK_DELAY_3 has negative value -0.100 . PS DDR interfaces might fail when entering negative DQS skew values. 
WARNING: [IP_Flow 19-474] Invalid Parameter 'Component_Name'
CRITICAL WARNING: [PSU-1]  Parameter : PCW_UIPARAM_DDR_DQS_TO_CLK_DELAY_0 has negative value -0.050 . PS DDR interfaces might fail when entering negative DQS skew values. 
CRITICAL WARNING: [PSU-2]  Parameter : PCW_UIPARAM_DDR_DQS_TO_CLK_DELAY_1 has negative value -0.044 . PS DDR interfaces might fail when entering negative DQS skew values. 
CRITICAL WARNING: [PSU-3]  Parameter : PCW_UIPARAM_DDR_DQS_TO_CLK_DELAY_2 has negative value -0.035 . PS DDR interfaces might fail when entering negative DQS skew values. 
CRITICAL WARNING: [PSU-4]  Parameter : PCW_UIPARAM_DDR_DQS_TO_CLK_DELAY_3 has negative value -0.100 . PS DDR interfaces might fail when entering negative DQS skew values. 
CRITICAL WARNING: [PSU-1]  Parameter : PCW_UIPARAM_DDR_DQS_TO_CLK_DELAY_0 has negative value -0.050 . PS DDR interfaces might fail when entering negative DQS skew values. 
CRITICAL WARNING: [PSU-2]  Parameter : PCW_UIPARAM_DDR_DQS_TO_CLK_DELAY_1 has negative value -0.044 . PS DDR interfaces might fail when entering negative DQS skew values. 
CRITICAL WARNING: [PSU-3]  Parameter : PCW_UIPARAM_DDR_DQS_TO_CLK_DELAY_2 has negative value -0.035 . PS DDR interfaces might fail when entering negative DQS skew values. 
CRITICAL WARNING: [PSU-4]  Parameter : PCW_UIPARAM_DDR_DQS_TO_CLK_DELAY_3 has negative value -0.100 . PS DDR interfaces might fail when entering negative DQS skew values. 
CRITICAL WARNING: [PSU-1]  Parameter : PCW_UIPARAM_DDR_DQS_TO_CLK_DELAY_0 has negative value -0.050 . PS DDR interfaces might fail when entering negative DQS skew values. 
CRITICAL WARNING: [PSU-2]  Parameter : PCW_UIPARAM_DDR_DQS_TO_CLK_DELAY_1 has negative value -0.044 . PS DDR interfaces might fail when entering negative DQS skew values. 
CRITICAL WARNING: [PSU-3]  Parameter : PCW_UIPARAM_DDR_DQS_TO_CLK_DELAY_2 has negative value -0.035 . PS DDR interfaces might fail when entering negative DQS skew values. 
CRITICAL WARNING: [PSU-4]  Parameter : PCW_UIPARAM_DDR_DQS_TO_CLK_DELAY_3 has negative value -0.100 . PS DDR interfaces might fail when entering negative DQS skew values. 
startgroup
set_property -dict [list CONFIG.PCW_QSPI_GRP_SINGLE_SS_ENABLE {1} CONFIG.PCW_UART0_PERIPHERAL_ENABLE {1} CONFIG.PCW_UART1_PERIPHERAL_ENABLE {0}] [get_bd_cells processing_system7_0]
CRITICAL WARNING: [PSU-1]  Parameter : PCW_UIPARAM_DDR_DQS_TO_CLK_DELAY_0 has negative value -0.050 . PS DDR interfaces might fail when entering negative DQS skew values. 
CRITICAL WARNING: [PSU-2]  Parameter : PCW_UIPARAM_DDR_DQS_TO_CLK_DELAY_1 has negative value -0.044 . PS DDR interfaces might fail when entering negative DQS skew values. 
CRITICAL WARNING: [PSU-3]  Parameter : PCW_UIPARAM_DDR_DQS_TO_CLK_DELAY_2 has negative value -0.035 . PS DDR interfaces might fail when entering negative DQS skew values. 
CRITICAL WARNING: [PSU-4]  Parameter : PCW_UIPARAM_DDR_DQS_TO_CLK_DELAY_3 has negative value -0.100 . PS DDR interfaces might fail when entering negative DQS skew values. 
WARNING: [BD 41-176] The physical port 'S_AXI_GP2_rd_socket' specified in the portmap, is not found on the block! 
WARNING: [BD 41-176] The physical port 'S_AXI_GP2_wr_socket' specified in the portmap, is not found on the block! 
WARNING: [BD 41-176] The physical port 'S_AXI_GP3_rd_socket' specified in the portmap, is not found on the block! 
WARNING: [BD 41-176] The physical port 'S_AXI_GP3_wr_socket' specified in the portmap, is not found on the block! 
endgroup
save_bd_design
Wrote  : <C:\Users\aleja\OneDrive\Escritorio\UC\SEP\Proyecto_Base_Booster_2025\Proyecto_Base_Booster\HW_Base_Booster_2025\Proyecto_Base_Booster_2025.srcs\sources_1\bd\DEMO\DEMO.bd> 
Wrote  : <C:/Users/aleja/OneDrive/Escritorio/UC/SEP/Proyecto_Base_Booster_2025/Proyecto_Base_Booster/HW_Base_Booster_2025/Proyecto_Base_Booster_2025.srcs/sources_1/bd/DEMO/ui/bd_58220e03.ui> 
reset_run synth_1
reset_run DEMO_processing_system7_0_0_synth_1
launch_runs impl_1 -to_step write_bitstream -jobs 6
INFO: [xilinx.com:ip:axi_quad_spi:3.2-1] /axi_quad_spi_0 
                   #######################################################################################
                   INFO: AXI Quad SPI core's AXI Lite Clock and EXT SPI CLK are synchronous to each other.
                   ########################################################################################
INFO: [xilinx.com:ip:axi_quad_spi:3.2-1] /axi_quad_spi_0 
                   #######################################################################################
                   INFO: AXI Quad SPI core's AXI Lite Clock and EXT SPI CLK are synchronous to each other.
                   ########################################################################################
INFO: [xilinx.com:ip:axi_quad_spi:3.2-1] /axi_quad_spi_1 
                   #######################################################################################
                   INFO: AXI Quad SPI core's AXI Lite Clock and EXT SPI CLK are synchronous to each other.
                   ########################################################################################
INFO: [xilinx.com:ip:axi_quad_spi:3.2-1] /axi_quad_spi_1 
                   #######################################################################################
                   INFO: AXI Quad SPI core's AXI Lite Clock and EXT SPI CLK are synchronous to each other.
                   ########################################################################################
Wrote  : <C:\Users\aleja\OneDrive\Escritorio\UC\SEP\Proyecto_Base_Booster_2025\Proyecto_Base_Booster\HW_Base_Booster_2025\Proyecto_Base_Booster_2025.srcs\sources_1\bd\DEMO\DEMO.bd> 
VHDL Output written to : C:/Users/aleja/OneDrive/Escritorio/UC/SEP/Proyecto_Base_Booster_2025/Proyecto_Base_Booster/HW_Base_Booster_2025/Proyecto_Base_Booster_2025.srcs/sources_1/bd/DEMO/synth/DEMO.vhd
VHDL Output written to : C:/Users/aleja/OneDrive/Escritorio/UC/SEP/Proyecto_Base_Booster_2025/Proyecto_Base_Booster/HW_Base_Booster_2025/Proyecto_Base_Booster_2025.srcs/sources_1/bd/DEMO/sim/DEMO.vhd
VHDL Output written to : C:/Users/aleja/OneDrive/Escritorio/UC/SEP/Proyecto_Base_Booster_2025/Proyecto_Base_Booster/HW_Base_Booster_2025/Proyecto_Base_Booster_2025.srcs/sources_1/bd/DEMO/hdl/DEMO_wrapper.vhd
WARNING: [IP_Flow 19-5611] Unable to find an associated reset port for the interface 'M_AXI_GP0'. A default connection has been created.
INFO: [BD 41-1029] Generation completed for the IP Integrator block processing_system7_0 .
WARNING: [IP_Flow 19-4994] Overwriting existing constraint file 'c:/Users/aleja/OneDrive/Escritorio/UC/SEP/Proyecto_Base_Booster_2025/Proyecto_Base_Booster/HW_Base_Booster_2025/Proyecto_Base_Booster_2025.srcs/sources_1/bd/DEMO/ip/DEMO_auto_pc_0/DEMO_auto_pc_0_ooc.xdc'
INFO: [BD 41-1029] Generation completed for the IP Integrator block ps7_0_axi_periph/s00_couplers/auto_pc .
Exporting to file C:/Users/aleja/OneDrive/Escritorio/UC/SEP/Proyecto_Base_Booster_2025/Proyecto_Base_Booster/HW_Base_Booster_2025/Proyecto_Base_Booster_2025.srcs/sources_1/bd/DEMO/hw_handoff/DEMO.hwh
Generated Block Design Tcl file C:/Users/aleja/OneDrive/Escritorio/UC/SEP/Proyecto_Base_Booster_2025/Proyecto_Base_Booster/HW_Base_Booster_2025/Proyecto_Base_Booster_2025.srcs/sources_1/bd/DEMO/hw_handoff/DEMO_bd.tcl
Generated Hardware Definition File C:/Users/aleja/OneDrive/Escritorio/UC/SEP/Proyecto_Base_Booster_2025/Proyecto_Base_Booster/HW_Base_Booster_2025/Proyecto_Base_Booster_2025.srcs/sources_1/bd/DEMO/synth/DEMO.hwdef
INFO: [IP_Flow 19-4993] Using cached IP synthesis design for IP DEMO_auto_pc_0, cache-ID = f0066fce20473567; cache size = 6.989 MB.
[Sun Apr 26 13:48:11 2026] Launched DEMO_processing_system7_0_0_synth_1, synth_1...
Run output will be captured here:
DEMO_processing_system7_0_0_synth_1: C:/Users/aleja/OneDrive/Escritorio/UC/SEP/Proyecto_Base_Booster_2025/Proyecto_Base_Booster/HW_Base_Booster_2025/Proyecto_Base_Booster_2025.runs/DEMO_processing_system7_0_0_synth_1/runme.log
synth_1: C:/Users/aleja/OneDrive/Escritorio/UC/SEP/Proyecto_Base_Booster_2025/Proyecto_Base_Booster/HW_Base_Booster_2025/Proyecto_Base_Booster_2025.runs/synth_1/runme.log
[Sun Apr 26 13:48:11 2026] Launched impl_1...
Run output will be captured here: C:/Users/aleja/OneDrive/Escritorio/UC/SEP/Proyecto_Base_Booster_2025/Proyecto_Base_Booster/HW_Base_Booster_2025/Proyecto_Base_Booster_2025.runs/impl_1/runme.log
launch_runs: Time (s): cpu = 00:00:36 ; elapsed = 00:00:38 . Memory (MB): peak = 1330.289 ; gain = 9.766
set_property pfm_name {} [get_files -all {C:/Users/aleja/OneDrive/Escritorio/UC/SEP/Proyecto_Base_Booster_2025/Proyecto_Base_Booster/HW_Base_Booster_2025/Proyecto_Base_Booster_2025.srcs/sources_1/bd/DEMO/DEMO.bd}]
write_hw_platform -fixed -force -file C:/Users/aleja/OneDrive/Escritorio/UC/SEP/Proyecto_Base_Booster_2025/Proyecto_Base_Booster/HW_Base_Booster_2025/DEMO_wrapper.xsa
INFO: [Vivado 12-4895] Creating Hardware Platform: C:/Users/aleja/OneDrive/Escritorio/UC/SEP/Proyecto_Base_Booster_2025/Proyecto_Base_Booster/HW_Base_Booster_2025/DEMO_wrapper.xsa ...
INFO: [Vivado 12-4896] Successfully created Hardware Platform: C:/Users/aleja/OneDrive/Escritorio/UC/SEP/Proyecto_Base_Booster_2025/Proyecto_Base_Booster/HW_Base_Booster_2025/DEMO_wrapper.xsa
write_hw_platform: Time (s): cpu = 00:00:07 ; elapsed = 00:00:07 . Memory (MB): peak = 1391.648 ; gain = 58.793
open_hw_manager
connect_hw_server -allow_non_jtag
INFO: [Labtools 27-2285] Connecting to hw_server url TCP:localhost:3121
INFO: [Labtools 27-3415] Connecting to cs_server url TCP:localhost:3042
INFO: [Labtools 27-3417] Launching cs_server...
INFO: [Labtools 27-2221] Launch Output:


****** Xilinx cs_server v2020.1.0
  **** Build date : May 13 2020-21:10:29
    ** Copyright 2017-2020 Xilinx, Inc. All Rights Reserved.



open_hw_target
INFO: [Labtoolstcl 44-466] Opening hw_target localhost:3121/xilinx_tcf/Digilent/210351B3FC69A
open_hw_target: Time (s): cpu = 00:00:03 ; elapsed = 00:00:05 . Memory (MB): peak = 2674.656 ; gain = 1273.090
set_property PROGRAM.FILE {C:/Users/aleja/OneDrive/Escritorio/UC/SEP/Proyecto_Base_Booster_2025/Proyecto_Base_Booster/HW_Base_Booster_2025/Proyecto_Base_Booster_2025.runs/impl_1/DEMO_wrapper.bit} [get_hw_devices xc7z010_1]
current_hw_device [get_hw_devices xc7z010_1]
refresh_hw_device -update_hw_probes false [lindex [get_hw_devices xc7z010_1] 0]
INFO: [Labtools 27-1434] Device xc7z010 (JTAG device index = 1) is programmed with a design that has no supported debug core(s) in it.
close_hw_manager
CRITICAL WARNING: [PSU-1]  Parameter : PCW_UIPARAM_DDR_DQS_TO_CLK_DELAY_0 has negative value -0.050 . PS DDR interfaces might fail when entering negative DQS skew values. 
CRITICAL WARNING: [PSU-2]  Parameter : PCW_UIPARAM_DDR_DQS_TO_CLK_DELAY_1 has negative value -0.044 . PS DDR interfaces might fail when entering negative DQS skew values. 
CRITICAL WARNING: [PSU-3]  Parameter : PCW_UIPARAM_DDR_DQS_TO_CLK_DELAY_2 has negative value -0.035 . PS DDR interfaces might fail when entering negative DQS skew values. 
CRITICAL WARNING: [PSU-4]  Parameter : PCW_UIPARAM_DDR_DQS_TO_CLK_DELAY_3 has negative value -0.100 . PS DDR interfaces might fail when entering negative DQS skew values. 
WARNING: [IP_Flow 19-474] Invalid Parameter 'Component_Name'
CRITICAL WARNING: [PSU-1]  Parameter : PCW_UIPARAM_DDR_DQS_TO_CLK_DELAY_0 has negative value -0.050 . PS DDR interfaces might fail when entering negative DQS skew values. 
CRITICAL WARNING: [PSU-2]  Parameter : PCW_UIPARAM_DDR_DQS_TO_CLK_DELAY_1 has negative value -0.044 . PS DDR interfaces might fail when entering negative DQS skew values. 
CRITICAL WARNING: [PSU-3]  Parameter : PCW_UIPARAM_DDR_DQS_TO_CLK_DELAY_2 has negative value -0.035 . PS DDR interfaces might fail when entering negative DQS skew values. 
CRITICAL WARNING: [PSU-4]  Parameter : PCW_UIPARAM_DDR_DQS_TO_CLK_DELAY_3 has negative value -0.100 . PS DDR interfaces might fail when entering negative DQS skew values. 
CRITICAL WARNING: [PSU-1]  Parameter : PCW_UIPARAM_DDR_DQS_TO_CLK_DELAY_0 has negative value -0.050 . PS DDR interfaces might fail when entering negative DQS skew values. 
CRITICAL WARNING: [PSU-2]  Parameter : PCW_UIPARAM_DDR_DQS_TO_CLK_DELAY_1 has negative value -0.044 . PS DDR interfaces might fail when entering negative DQS skew values. 
CRITICAL WARNING: [PSU-3]  Parameter : PCW_UIPARAM_DDR_DQS_TO_CLK_DELAY_2 has negative value -0.035 . PS DDR interfaces might fail when entering negative DQS skew values. 
CRITICAL WARNING: [PSU-4]  Parameter : PCW_UIPARAM_DDR_DQS_TO_CLK_DELAY_3 has negative value -0.100 . PS DDR interfaces might fail when entering negative DQS skew values. 
startgroup
set_property -dict [list CONFIG.PCW_QSPI_GRP_SINGLE_SS_ENABLE {1} CONFIG.PCW_UART0_UART0_IO {MIO 14 .. 15}] [get_bd_cells processing_system7_0]
CRITICAL WARNING: [PSU-1]  Parameter : PCW_UIPARAM_DDR_DQS_TO_CLK_DELAY_0 has negative value -0.050 . PS DDR interfaces might fail when entering negative DQS skew values. 
CRITICAL WARNING: [PSU-2]  Parameter : PCW_UIPARAM_DDR_DQS_TO_CLK_DELAY_1 has negative value -0.044 . PS DDR interfaces might fail when entering negative DQS skew values. 
CRITICAL WARNING: [PSU-3]  Parameter : PCW_UIPARAM_DDR_DQS_TO_CLK_DELAY_2 has negative value -0.035 . PS DDR interfaces might fail when entering negative DQS skew values. 
CRITICAL WARNING: [PSU-4]  Parameter : PCW_UIPARAM_DDR_DQS_TO_CLK_DELAY_3 has negative value -0.100 . PS DDR interfaces might fail when entering negative DQS skew values. 
WARNING: [BD 41-176] The physical port 'S_AXI_GP2_rd_socket' specified in the portmap, is not found on the block! 
WARNING: [BD 41-176] The physical port 'S_AXI_GP2_wr_socket' specified in the portmap, is not found on the block! 
WARNING: [BD 41-176] The physical port 'S_AXI_GP3_rd_socket' specified in the portmap, is not found on the block! 
WARNING: [BD 41-176] The physical port 'S_AXI_GP3_wr_socket' specified in the portmap, is not found on the block! 
endgroup
save_bd_design
Wrote  : <C:\Users\aleja\OneDrive\Escritorio\UC\SEP\Proyecto_Base_Booster_2025\Proyecto_Base_Booster\HW_Base_Booster_2025\Proyecto_Base_Booster_2025.srcs\sources_1\bd\DEMO\DEMO.bd> 
Wrote  : <C:/Users/aleja/OneDrive/Escritorio/UC/SEP/Proyecto_Base_Booster_2025/Proyecto_Base_Booster/HW_Base_Booster_2025/Proyecto_Base_Booster_2025.srcs/sources_1/bd/DEMO/ui/bd_58220e03.ui> 
reset_run synth_1
WARNING: [Vivado 12-1017] Problems encountered:
1. Failed to delete one or more files in run directory C:/Users/aleja/OneDrive/Escritorio/UC/SEP/Proyecto_Base_Booster_2025/Proyecto_Base_Booster/HW_Base_Booster_2025/Proyecto_Base_Booster_2025.runs/synth_1

reset_run DEMO_processing_system7_0_0_synth_1
WARNING: [Vivado 12-1017] Problems encountered:
1. Failed to delete one or more files in run directory C:/Users/aleja/OneDrive/Escritorio/UC/SEP/Proyecto_Base_Booster_2025/Proyecto_Base_Booster/HW_Base_Booster_2025/Proyecto_Base_Booster_2025.runs/DEMO_processing_system7_0_0_synth_1

launch_runs impl_1 -to_step write_bitstream -jobs 6
INFO: [xilinx.com:ip:axi_quad_spi:3.2-1] /axi_quad_spi_0 
                   #######################################################################################
                   INFO: AXI Quad SPI core's AXI Lite Clock and EXT SPI CLK are synchronous to each other.
                   ########################################################################################
INFO: [xilinx.com:ip:axi_quad_spi:3.2-1] /axi_quad_spi_0 
                   #######################################################################################
                   INFO: AXI Quad SPI core's AXI Lite Clock and EXT SPI CLK are synchronous to each other.
                   ########################################################################################
INFO: [xilinx.com:ip:axi_quad_spi:3.2-1] /axi_quad_spi_1 
                   #######################################################################################
                   INFO: AXI Quad SPI core's AXI Lite Clock and EXT SPI CLK are synchronous to each other.
                   ########################################################################################
INFO: [xilinx.com:ip:axi_quad_spi:3.2-1] /axi_quad_spi_1 
                   #######################################################################################
                   INFO: AXI Quad SPI core's AXI Lite Clock and EXT SPI CLK are synchronous to each other.
                   ########################################################################################
Wrote  : <C:\Users\aleja\OneDrive\Escritorio\UC\SEP\Proyecto_Base_Booster_2025\Proyecto_Base_Booster\HW_Base_Booster_2025\Proyecto_Base_Booster_2025.srcs\sources_1\bd\DEMO\DEMO.bd> 
VHDL Output written to : C:/Users/aleja/OneDrive/Escritorio/UC/SEP/Proyecto_Base_Booster_2025/Proyecto_Base_Booster/HW_Base_Booster_2025/Proyecto_Base_Booster_2025.srcs/sources_1/bd/DEMO/synth/DEMO.vhd
VHDL Output written to : C:/Users/aleja/OneDrive/Escritorio/UC/SEP/Proyecto_Base_Booster_2025/Proyecto_Base_Booster/HW_Base_Booster_2025/Proyecto_Base_Booster_2025.srcs/sources_1/bd/DEMO/sim/DEMO.vhd
VHDL Output written to : C:/Users/aleja/OneDrive/Escritorio/UC/SEP/Proyecto_Base_Booster_2025/Proyecto_Base_Booster/HW_Base_Booster_2025/Proyecto_Base_Booster_2025.srcs/sources_1/bd/DEMO/hdl/DEMO_wrapper.vhd
WARNING: [IP_Flow 19-5611] Unable to find an associated reset port for the interface 'M_AXI_GP0'. A default connection has been created.
INFO: [BD 41-1029] Generation completed for the IP Integrator block processing_system7_0 .
WARNING: [IP_Flow 19-4994] Overwriting existing constraint file 'c:/Users/aleja/OneDrive/Escritorio/UC/SEP/Proyecto_Base_Booster_2025/Proyecto_Base_Booster/HW_Base_Booster_2025/Proyecto_Base_Booster_2025.srcs/sources_1/bd/DEMO/ip/DEMO_auto_pc_0/DEMO_auto_pc_0_ooc.xdc'
INFO: [BD 41-1029] Generation completed for the IP Integrator block ps7_0_axi_periph/s00_couplers/auto_pc .
Exporting to file C:/Users/aleja/OneDrive/Escritorio/UC/SEP/Proyecto_Base_Booster_2025/Proyecto_Base_Booster/HW_Base_Booster_2025/Proyecto_Base_Booster_2025.srcs/sources_1/bd/DEMO/hw_handoff/DEMO.hwh
Generated Block Design Tcl file C:/Users/aleja/OneDrive/Escritorio/UC/SEP/Proyecto_Base_Booster_2025/Proyecto_Base_Booster/HW_Base_Booster_2025/Proyecto_Base_Booster_2025.srcs/sources_1/bd/DEMO/hw_handoff/DEMO_bd.tcl
Generated Hardware Definition File C:/Users/aleja/OneDrive/Escritorio/UC/SEP/Proyecto_Base_Booster_2025/Proyecto_Base_Booster/HW_Base_Booster_2025/Proyecto_Base_Booster_2025.srcs/sources_1/bd/DEMO/synth/DEMO.hwdef
INFO: [IP_Flow 19-4993] Using cached IP synthesis design for IP DEMO_auto_pc_0, cache-ID = f0066fce20473567; cache size = 7.696 MB.
[Sun Apr 26 14:56:00 2026] Launched DEMO_processing_system7_0_0_synth_1, synth_1...
Run output will be captured here:
DEMO_processing_system7_0_0_synth_1: C:/Users/aleja/OneDrive/Escritorio/UC/SEP/Proyecto_Base_Booster_2025/Proyecto_Base_Booster/HW_Base_Booster_2025/Proyecto_Base_Booster_2025.runs/DEMO_processing_system7_0_0_synth_1/runme.log
synth_1: C:/Users/aleja/OneDrive/Escritorio/UC/SEP/Proyecto_Base_Booster_2025/Proyecto_Base_Booster/HW_Base_Booster_2025/Proyecto_Base_Booster_2025.runs/synth_1/runme.log
[Sun Apr 26 14:56:00 2026] Launched impl_1...
Run output will be captured here: C:/Users/aleja/OneDrive/Escritorio/UC/SEP/Proyecto_Base_Booster_2025/Proyecto_Base_Booster/HW_Base_Booster_2025/Proyecto_Base_Booster_2025.runs/impl_1/runme.log
launch_runs: Time (s): cpu = 00:00:37 ; elapsed = 00:00:39 . Memory (MB): peak = 2832.941 ; gain = 79.996
open_run impl_1
INFO: [Device 21-403] Loading part xc7z010clg400-1
INFO: [Common 17-41] Interrupt caught. Command should exit soon.
Netlist sorting complete. Time (s): cpu = 00:00:00 ; elapsed = 00:00:00.075 . Memory (MB): peak = 2920.891 ; gain = 0.000
INFO: [Netlist 29-17] Analyzing 70 Unisim elements for replacement
INFO: [Netlist 29-28] Unisim Transformation completed in 0 CPU seconds
INFO: [Project 1-479] Netlist was created with Vivado 2020.1
open_run: Time (s): cpu = 00:00:09 ; elapsed = 00:00:15 . Memory (MB): peak = 2937.840 ; gain = 104.898
INFO: [Common 17-344] 'open_run' was cancelled
set_property pfm_name {} [get_files -all {C:/Users/aleja/OneDrive/Escritorio/UC/SEP/Proyecto_Base_Booster_2025/Proyecto_Base_Booster/HW_Base_Booster_2025/Proyecto_Base_Booster_2025.srcs/sources_1/bd/DEMO/DEMO.bd}]
write_hw_platform -fixed -include_bit -force -file C:/Users/aleja/OneDrive/Escritorio/UC/SEP/Proyecto_Base_Booster_2025/Proyecto_Base_Booster/HW_Base_Booster_2025/DEMO_wrapper.xsa
INFO: [Vivado 12-4895] Creating Hardware Platform: C:/Users/aleja/OneDrive/Escritorio/UC/SEP/Proyecto_Base_Booster_2025/Proyecto_Base_Booster/HW_Base_Booster_2025/DEMO_wrapper.xsa ...
INFO: [Vivado 12-4896] Successfully created Hardware Platform: C:/Users/aleja/OneDrive/Escritorio/UC/SEP/Proyecto_Base_Booster_2025/Proyecto_Base_Booster/HW_Base_Booster_2025/DEMO_wrapper.xsa
write_hw_platform: Time (s): cpu = 00:00:07 ; elapsed = 00:00:07 . Memory (MB): peak = 2998.984 ; gain = 61.145
CRITICAL WARNING: [PSU-1]  Parameter : PCW_UIPARAM_DDR_DQS_TO_CLK_DELAY_0 has negative value -0.050 . PS DDR interfaces might fail when entering negative DQS skew values. 
CRITICAL WARNING: [PSU-2]  Parameter : PCW_UIPARAM_DDR_DQS_TO_CLK_DELAY_1 has negative value -0.044 . PS DDR interfaces might fail when entering negative DQS skew values. 
CRITICAL WARNING: [PSU-3]  Parameter : PCW_UIPARAM_DDR_DQS_TO_CLK_DELAY_2 has negative value -0.035 . PS DDR interfaces might fail when entering negative DQS skew values. 
CRITICAL WARNING: [PSU-4]  Parameter : PCW_UIPARAM_DDR_DQS_TO_CLK_DELAY_3 has negative value -0.100 . PS DDR interfaces might fail when entering negative DQS skew values. 
WARNING: [IP_Flow 19-474] Invalid Parameter 'Component_Name'
CRITICAL WARNING: [PSU-1]  Parameter : PCW_UIPARAM_DDR_DQS_TO_CLK_DELAY_0 has negative value -0.050 . PS DDR interfaces might fail when entering negative DQS skew values. 
CRITICAL WARNING: [PSU-2]  Parameter : PCW_UIPARAM_DDR_DQS_TO_CLK_DELAY_1 has negative value -0.044 . PS DDR interfaces might fail when entering negative DQS skew values. 
CRITICAL WARNING: [PSU-3]  Parameter : PCW_UIPARAM_DDR_DQS_TO_CLK_DELAY_2 has negative value -0.035 . PS DDR interfaces might fail when entering negative DQS skew values. 
CRITICAL WARNING: [PSU-4]  Parameter : PCW_UIPARAM_DDR_DQS_TO_CLK_DELAY_3 has negative value -0.100 . PS DDR interfaces might fail when entering negative DQS skew values. 
CRITICAL WARNING: [PSU-1]  Parameter : PCW_UIPARAM_DDR_DQS_TO_CLK_DELAY_0 has negative value -0.050 . PS DDR interfaces might fail when entering negative DQS skew values. 
CRITICAL WARNING: [PSU-2]  Parameter : PCW_UIPARAM_DDR_DQS_TO_CLK_DELAY_1 has negative value -0.044 . PS DDR interfaces might fail when entering negative DQS skew values. 
CRITICAL WARNING: [PSU-3]  Parameter : PCW_UIPARAM_DDR_DQS_TO_CLK_DELAY_2 has negative value -0.035 . PS DDR interfaces might fail when entering negative DQS skew values. 
CRITICAL WARNING: [PSU-4]  Parameter : PCW_UIPARAM_DDR_DQS_TO_CLK_DELAY_3 has negative value -0.100 . PS DDR interfaces might fail when entering negative DQS skew values. 
WARNING: [IP_Flow 19-474] Invalid Parameter 'Component_Name'
CRITICAL WARNING: [PSU-1]  Parameter : PCW_UIPARAM_DDR_DQS_TO_CLK_DELAY_0 has negative value -0.050 . PS DDR interfaces might fail when entering negative DQS skew values. 
CRITICAL WARNING: [PSU-2]  Parameter : PCW_UIPARAM_DDR_DQS_TO_CLK_DELAY_1 has negative value -0.044 . PS DDR interfaces might fail when entering negative DQS skew values. 
CRITICAL WARNING: [PSU-3]  Parameter : PCW_UIPARAM_DDR_DQS_TO_CLK_DELAY_2 has negative value -0.035 . PS DDR interfaces might fail when entering negative DQS skew values. 
CRITICAL WARNING: [PSU-4]  Parameter : PCW_UIPARAM_DDR_DQS_TO_CLK_DELAY_3 has negative value -0.100 . PS DDR interfaces might fail when entering negative DQS skew values. 
CRITICAL WARNING: [PSU-1]  Parameter : PCW_UIPARAM_DDR_DQS_TO_CLK_DELAY_0 has negative value -0.050 . PS DDR interfaces might fail when entering negative DQS skew values. 
CRITICAL WARNING: [PSU-2]  Parameter : PCW_UIPARAM_DDR_DQS_TO_CLK_DELAY_1 has negative value -0.044 . PS DDR interfaces might fail when entering negative DQS skew values. 
CRITICAL WARNING: [PSU-3]  Parameter : PCW_UIPARAM_DDR_DQS_TO_CLK_DELAY_2 has negative value -0.035 . PS DDR interfaces might fail when entering negative DQS skew values. 
CRITICAL WARNING: [PSU-4]  Parameter : PCW_UIPARAM_DDR_DQS_TO_CLK_DELAY_3 has negative value -0.100 . PS DDR interfaces might fail when entering negative DQS skew values. 
WARNING: [IP_Flow 19-474] Invalid Parameter 'Component_Name'
CRITICAL WARNING: [PSU-1]  Parameter : PCW_UIPARAM_DDR_DQS_TO_CLK_DELAY_0 has negative value -0.050 . PS DDR interfaces might fail when entering negative DQS skew values. 
CRITICAL WARNING: [PSU-2]  Parameter : PCW_UIPARAM_DDR_DQS_TO_CLK_DELAY_1 has negative value -0.044 . PS DDR interfaces might fail when entering negative DQS skew values. 
CRITICAL WARNING: [PSU-3]  Parameter : PCW_UIPARAM_DDR_DQS_TO_CLK_DELAY_2 has negative value -0.035 . PS DDR interfaces might fail when entering negative DQS skew values. 
CRITICAL WARNING: [PSU-4]  Parameter : PCW_UIPARAM_DDR_DQS_TO_CLK_DELAY_3 has negative value -0.100 . PS DDR interfaces might fail when entering negative DQS skew values. 
CRITICAL WARNING: [PSU-1]  Parameter : PCW_UIPARAM_DDR_DQS_TO_CLK_DELAY_0 has negative value -0.050 . PS DDR interfaces might fail when entering negative DQS skew values. 
CRITICAL WARNING: [PSU-2]  Parameter : PCW_UIPARAM_DDR_DQS_TO_CLK_DELAY_1 has negative value -0.044 . PS DDR interfaces might fail when entering negative DQS skew values. 
CRITICAL WARNING: [PSU-3]  Parameter : PCW_UIPARAM_DDR_DQS_TO_CLK_DELAY_2 has negative value -0.035 . PS DDR interfaces might fail when entering negative DQS skew values. 
CRITICAL WARNING: [PSU-4]  Parameter : PCW_UIPARAM_DDR_DQS_TO_CLK_DELAY_3 has negative value -0.100 . PS DDR interfaces might fail when entering negative DQS skew values. 
CRITICAL WARNING: [PSU-1]  Parameter : PCW_UIPARAM_DDR_DQS_TO_CLK_DELAY_0 has negative value -0.050 . PS DDR interfaces might fail when entering negative DQS skew values. 
CRITICAL WARNING: [PSU-2]  Parameter : PCW_UIPARAM_DDR_DQS_TO_CLK_DELAY_1 has negative value -0.044 . PS DDR interfaces might fail when entering negative DQS skew values. 
CRITICAL WARNING: [PSU-3]  Parameter : PCW_UIPARAM_DDR_DQS_TO_CLK_DELAY_2 has negative value -0.035 . PS DDR interfaces might fail when entering negative DQS skew values. 
CRITICAL WARNING: [PSU-4]  Parameter : PCW_UIPARAM_DDR_DQS_TO_CLK_DELAY_3 has negative value -0.100 . PS DDR interfaces might fail when entering negative DQS skew values. 
CRITICAL WARNING: [PSU-1]  Parameter : PCW_UIPARAM_DDR_DQS_TO_CLK_DELAY_0 has negative value -0.050 . PS DDR interfaces might fail when entering negative DQS skew values. 
CRITICAL WARNING: [PSU-2]  Parameter : PCW_UIPARAM_DDR_DQS_TO_CLK_DELAY_1 has negative value -0.044 . PS DDR interfaces might fail when entering negative DQS skew values. 
CRITICAL WARNING: [PSU-3]  Parameter : PCW_UIPARAM_DDR_DQS_TO_CLK_DELAY_2 has negative value -0.035 . PS DDR interfaces might fail when entering negative DQS skew values. 
CRITICAL WARNING: [PSU-4]  Parameter : PCW_UIPARAM_DDR_DQS_TO_CLK_DELAY_3 has negative value -0.100 . PS DDR interfaces might fail when entering negative DQS skew values. 
CRITICAL WARNING: [PSU-1]  Parameter : PCW_UIPARAM_DDR_DQS_TO_CLK_DELAY_0 has negative value -0.050 . PS DDR interfaces might fail when entering negative DQS skew values. 
CRITICAL WARNING: [PSU-2]  Parameter : PCW_UIPARAM_DDR_DQS_TO_CLK_DELAY_1 has negative value -0.044 . PS DDR interfaces might fail when entering negative DQS skew values. 
CRITICAL WARNING: [PSU-3]  Parameter : PCW_UIPARAM_DDR_DQS_TO_CLK_DELAY_2 has negative value -0.035 . PS DDR interfaces might fail when entering negative DQS skew values. 
CRITICAL WARNING: [PSU-4]  Parameter : PCW_UIPARAM_DDR_DQS_TO_CLK_DELAY_3 has negative value -0.100 . PS DDR interfaces might fail when entering negative DQS skew values. 
CRITICAL WARNING: [PSU-1]  Parameter : PCW_UIPARAM_DDR_DQS_TO_CLK_DELAY_0 has negative value -0.050 . PS DDR interfaces might fail when entering negative DQS skew values. 
CRITICAL WARNING: [PSU-2]  Parameter : PCW_UIPARAM_DDR_DQS_TO_CLK_DELAY_1 has negative value -0.044 . PS DDR interfaces might fail when entering negative DQS skew values. 
CRITICAL WARNING: [PSU-3]  Parameter : PCW_UIPARAM_DDR_DQS_TO_CLK_DELAY_2 has negative value -0.035 . PS DDR interfaces might fail when entering negative DQS skew values. 
CRITICAL WARNING: [PSU-4]  Parameter : PCW_UIPARAM_DDR_DQS_TO_CLK_DELAY_3 has negative value -0.100 . PS DDR interfaces might fail when entering negative DQS skew values. 
CRITICAL WARNING: [PSU-1]  Parameter : PCW_UIPARAM_DDR_DQS_TO_CLK_DELAY_0 has negative value -0.050 . PS DDR interfaces might fail when entering negative DQS skew values. 
CRITICAL WARNING: [PSU-2]  Parameter : PCW_UIPARAM_DDR_DQS_TO_CLK_DELAY_1 has negative value -0.044 . PS DDR interfaces might fail when entering negative DQS skew values. 
CRITICAL WARNING: [PSU-3]  Parameter : PCW_UIPARAM_DDR_DQS_TO_CLK_DELAY_2 has negative value -0.035 . PS DDR interfaces might fail when entering negative DQS skew values. 
CRITICAL WARNING: [PSU-4]  Parameter : PCW_UIPARAM_DDR_DQS_TO_CLK_DELAY_3 has negative value -0.100 . PS DDR interfaces might fail when entering negative DQS skew values. 
CRITICAL WARNING: [PSU-1]  Parameter : PCW_UIPARAM_DDR_DQS_TO_CLK_DELAY_0 has negative value -0.050 . PS DDR interfaces might fail when entering negative DQS skew values. 
CRITICAL WARNING: [PSU-2]  Parameter : PCW_UIPARAM_DDR_DQS_TO_CLK_DELAY_1 has negative value -0.044 . PS DDR interfaces might fail when entering negative DQS skew values. 
CRITICAL WARNING: [PSU-3]  Parameter : PCW_UIPARAM_DDR_DQS_TO_CLK_DELAY_2 has negative value -0.035 . PS DDR interfaces might fail when entering negative DQS skew values. 
CRITICAL WARNING: [PSU-4]  Parameter : PCW_UIPARAM_DDR_DQS_TO_CLK_DELAY_3 has negative value -0.100 . PS DDR interfaces might fail when entering negative DQS skew values. 
CRITICAL WARNING: [PSU-1]  Parameter : PCW_UIPARAM_DDR_DQS_TO_CLK_DELAY_0 has negative value -0.050 . PS DDR interfaces might fail when entering negative DQS skew values. 
CRITICAL WARNING: [PSU-2]  Parameter : PCW_UIPARAM_DDR_DQS_TO_CLK_DELAY_1 has negative value -0.044 . PS DDR interfaces might fail when entering negative DQS skew values. 
CRITICAL WARNING: [PSU-3]  Parameter : PCW_UIPARAM_DDR_DQS_TO_CLK_DELAY_2 has negative value -0.035 . PS DDR interfaces might fail when entering negative DQS skew values. 
CRITICAL WARNING: [PSU-4]  Parameter : PCW_UIPARAM_DDR_DQS_TO_CLK_DELAY_3 has negative value -0.100 . PS DDR interfaces might fail when entering negative DQS skew values. 
startgroup
set_property -dict [list CONFIG.PCW_QSPI_GRP_SINGLE_SS_ENABLE {1} CONFIG.PCW_UART0_PERIPHERAL_ENABLE {0} CONFIG.PCW_UART1_PERIPHERAL_ENABLE {1}] [get_bd_cells processing_system7_0]
CRITICAL WARNING: [PSU-1]  Parameter : PCW_UIPARAM_DDR_DQS_TO_CLK_DELAY_0 has negative value -0.050 . PS DDR interfaces might fail when entering negative DQS skew values. 
CRITICAL WARNING: [PSU-2]  Parameter : PCW_UIPARAM_DDR_DQS_TO_CLK_DELAY_1 has negative value -0.044 . PS DDR interfaces might fail when entering negative DQS skew values. 
CRITICAL WARNING: [PSU-3]  Parameter : PCW_UIPARAM_DDR_DQS_TO_CLK_DELAY_2 has negative value -0.035 . PS DDR interfaces might fail when entering negative DQS skew values. 
CRITICAL WARNING: [PSU-4]  Parameter : PCW_UIPARAM_DDR_DQS_TO_CLK_DELAY_3 has negative value -0.100 . PS DDR interfaces might fail when entering negative DQS skew values. 
WARNING: [BD 41-176] The physical port 'S_AXI_GP2_rd_socket' specified in the portmap, is not found on the block! 
WARNING: [BD 41-176] The physical port 'S_AXI_GP2_wr_socket' specified in the portmap, is not found on the block! 
WARNING: [BD 41-176] The physical port 'S_AXI_GP3_rd_socket' specified in the portmap, is not found on the block! 
WARNING: [BD 41-176] The physical port 'S_AXI_GP3_wr_socket' specified in the portmap, is not found on the block! 
endgroup
save_bd_design
Wrote  : <C:\Users\aleja\OneDrive\Escritorio\UC\SEP\Proyecto_Base_Booster_2025\Proyecto_Base_Booster\HW_Base_Booster_2025\Proyecto_Base_Booster_2025.srcs\sources_1\bd\DEMO\DEMO.bd> 
reset_run synth_1
WARNING: [Vivado 12-1017] Problems encountered:
1. Failed to delete one or more files in run directory C:/Users/aleja/OneDrive/Escritorio/UC/SEP/Proyecto_Base_Booster_2025/Proyecto_Base_Booster/HW_Base_Booster_2025/Proyecto_Base_Booster_2025.runs/synth_1

reset_run DEMO_processing_system7_0_0_synth_1
WARNING: [Vivado 12-1017] Problems encountered:
1. Failed to delete one or more files in run directory C:/Users/aleja/OneDrive/Escritorio/UC/SEP/Proyecto_Base_Booster_2025/Proyecto_Base_Booster/HW_Base_Booster_2025/Proyecto_Base_Booster_2025.runs/DEMO_processing_system7_0_0_synth_1

launch_runs impl_1 -to_step write_bitstream -jobs 6
INFO: [xilinx.com:ip:axi_quad_spi:3.2-1] /axi_quad_spi_0 
                   #######################################################################################
                   INFO: AXI Quad SPI core's AXI Lite Clock and EXT SPI CLK are synchronous to each other.
                   ########################################################################################
INFO: [xilinx.com:ip:axi_quad_spi:3.2-1] /axi_quad_spi_0 
                   #######################################################################################
                   INFO: AXI Quad SPI core's AXI Lite Clock and EXT SPI CLK are synchronous to each other.
                   ########################################################################################
INFO: [xilinx.com:ip:axi_quad_spi:3.2-1] /axi_quad_spi_1 
                   #######################################################################################
                   INFO: AXI Quad SPI core's AXI Lite Clock and EXT SPI CLK are synchronous to each other.
                   ########################################################################################
INFO: [xilinx.com:ip:axi_quad_spi:3.2-1] /axi_quad_spi_1 
                   #######################################################################################
                   INFO: AXI Quad SPI core's AXI Lite Clock and EXT SPI CLK are synchronous to each other.
                   ########################################################################################
Wrote  : <C:\Users\aleja\OneDrive\Escritorio\UC\SEP\Proyecto_Base_Booster_2025\Proyecto_Base_Booster\HW_Base_Booster_2025\Proyecto_Base_Booster_2025.srcs\sources_1\bd\DEMO\DEMO.bd> 
VHDL Output written to : C:/Users/aleja/OneDrive/Escritorio/UC/SEP/Proyecto_Base_Booster_2025/Proyecto_Base_Booster/HW_Base_Booster_2025/Proyecto_Base_Booster_2025.srcs/sources_1/bd/DEMO/synth/DEMO.vhd
VHDL Output written to : C:/Users/aleja/OneDrive/Escritorio/UC/SEP/Proyecto_Base_Booster_2025/Proyecto_Base_Booster/HW_Base_Booster_2025/Proyecto_Base_Booster_2025.srcs/sources_1/bd/DEMO/sim/DEMO.vhd
VHDL Output written to : C:/Users/aleja/OneDrive/Escritorio/UC/SEP/Proyecto_Base_Booster_2025/Proyecto_Base_Booster/HW_Base_Booster_2025/Proyecto_Base_Booster_2025.srcs/sources_1/bd/DEMO/hdl/DEMO_wrapper.vhd
WARNING: [IP_Flow 19-5611] Unable to find an associated reset port for the interface 'M_AXI_GP0'. A default connection has been created.
INFO: [BD 41-1029] Generation completed for the IP Integrator block processing_system7_0 .
WARNING: [IP_Flow 19-4994] Overwriting existing constraint file 'c:/Users/aleja/OneDrive/Escritorio/UC/SEP/Proyecto_Base_Booster_2025/Proyecto_Base_Booster/HW_Base_Booster_2025/Proyecto_Base_Booster_2025.srcs/sources_1/bd/DEMO/ip/DEMO_auto_pc_0/DEMO_auto_pc_0_ooc.xdc'
INFO: [BD 41-1029] Generation completed for the IP Integrator block ps7_0_axi_periph/s00_couplers/auto_pc .
Exporting to file C:/Users/aleja/OneDrive/Escritorio/UC/SEP/Proyecto_Base_Booster_2025/Proyecto_Base_Booster/HW_Base_Booster_2025/Proyecto_Base_Booster_2025.srcs/sources_1/bd/DEMO/hw_handoff/DEMO.hwh
Generated Block Design Tcl file C:/Users/aleja/OneDrive/Escritorio/UC/SEP/Proyecto_Base_Booster_2025/Proyecto_Base_Booster/HW_Base_Booster_2025/Proyecto_Base_Booster_2025.srcs/sources_1/bd/DEMO/hw_handoff/DEMO_bd.tcl
Generated Hardware Definition File C:/Users/aleja/OneDrive/Escritorio/UC/SEP/Proyecto_Base_Booster_2025/Proyecto_Base_Booster/HW_Base_Booster_2025/Proyecto_Base_Booster_2025.srcs/sources_1/bd/DEMO/synth/DEMO.hwdef
INFO: [IP_Flow 19-4993] Using cached IP synthesis design for IP DEMO_auto_pc_0, cache-ID = f0066fce20473567; cache size = 8.403 MB.
[Sun Apr 26 15:59:24 2026] Launched DEMO_processing_system7_0_0_synth_1, synth_1...
Run output will be captured here:
DEMO_processing_system7_0_0_synth_1: C:/Users/aleja/OneDrive/Escritorio/UC/SEP/Proyecto_Base_Booster_2025/Proyecto_Base_Booster/HW_Base_Booster_2025/Proyecto_Base_Booster_2025.runs/DEMO_processing_system7_0_0_synth_1/runme.log
synth_1: C:/Users/aleja/OneDrive/Escritorio/UC/SEP/Proyecto_Base_Booster_2025/Proyecto_Base_Booster/HW_Base_Booster_2025/Proyecto_Base_Booster_2025.runs/synth_1/runme.log
[Sun Apr 26 15:59:24 2026] Launched impl_1...
Run output will be captured here: C:/Users/aleja/OneDrive/Escritorio/UC/SEP/Proyecto_Base_Booster_2025/Proyecto_Base_Booster/HW_Base_Booster_2025/Proyecto_Base_Booster_2025.runs/impl_1/runme.log
launch_runs: Time (s): cpu = 00:00:36 ; elapsed = 00:00:37 . Memory (MB): peak = 3067.727 ; gain = 18.168
set_property pfm_name {} [get_files -all {C:/Users/aleja/OneDrive/Escritorio/UC/SEP/Proyecto_Base_Booster_2025/Proyecto_Base_Booster/HW_Base_Booster_2025/Proyecto_Base_Booster_2025.srcs/sources_1/bd/DEMO/DEMO.bd}]
write_hw_platform -fixed -include_bit -force -file C:/Users/aleja/OneDrive/Escritorio/UC/SEP/Proyecto_Base_Booster_2025/DEMO_wrapper.xsa
INFO: [Vivado 12-4895] Creating Hardware Platform: C:/Users/aleja/OneDrive/Escritorio/UC/SEP/Proyecto_Base_Booster_2025/DEMO_wrapper.xsa ...
INFO: [Vivado 12-4896] Successfully created Hardware Platform: C:/Users/aleja/OneDrive/Escritorio/UC/SEP/Proyecto_Base_Booster_2025/DEMO_wrapper.xsa
write_hw_platform: Time (s): cpu = 00:00:07 ; elapsed = 00:00:07 . Memory (MB): peak = 3108.402 ; gain = 26.762
exit
INFO: [Common 17-206] Exiting Vivado at Sun Apr 26 16:03:22 2026...
