17:04:12 INFO  : Launching XSCT server: xsct.bat -n  -interactive C:\Users\aleja\OneDrive\Escritorio\UC\SEP\Proyecto_Base_Booster_2025\temp_xsdb_launch_script.tcl
17:04:12 INFO  : Registering command handlers for Vitis TCF services
17:04:14 INFO  : XSCT server has started successfully.
17:04:14 INFO  : plnx-install-location is set to ''
17:04:16 INFO  : Platform repository initialization has completed.
17:04:18 INFO  : Successfully done setting XSCT server connection channel  
17:04:18 INFO  : Successfully done query RDI_DATADIR 
17:04:18 INFO  : Successfully done setting workspace for the tool. 
17:07:06 INFO  : Result from executing command 'getProjects': DEMO_wrapper
17:07:06 INFO  : Result from executing command 'getPlatforms': 
17:07:06 INFO  : Platform 'DEMO_wrapper' is added to custom repositories.
17:07:15 INFO  : Platform 'DEMO_wrapper' is added to custom repositories.
17:09:42 INFO  : Result from executing command 'getProjects': DEMO_wrapper
17:09:42 INFO  : Result from executing command 'getPlatforms': DEMO_wrapper|C:/Users/aleja/OneDrive/Escritorio/UC/SEP/Proyecto_Base_Booster_2025/DEMO_wrapper/export/DEMO_wrapper/DEMO_wrapper.xpfm
17:09:43 INFO  : Checking for BSP changes to sync application flags for project 'AC04_P2'...
17:11:54 INFO  : Connected to target on host '127.0.0.1' and port '3121'.
17:11:55 INFO  : Jtag cable 'Digilent Zybo Z7 210351B3FC69A' is selected.
17:11:55 INFO  : 'jtag frequency' command is executed.
17:11:55 INFO  : Context for 'APU' is selected.
17:11:55 INFO  : System reset is completed.
17:11:58 INFO  : 'after 3000' command is executed.
17:11:58 INFO  : 'targets -set -filter {jtag_cable_name =~ "Digilent Zybo Z7 210351B3FC69A" && level==0 && jtag_device_ctx=="jsn-Zybo Z7-210351B3FC69A-13722093-0"}' command is executed.
17:12:00 INFO  : FPGA configured successfully with bitstream "C:/Users/aleja/OneDrive/Escritorio/UC/SEP/Proyecto_Base_Booster_2025/AC04_P2/_ide/bitstream/DEMO_wrapper.bit"
17:12:00 INFO  : Context for 'APU' is selected.
17:12:00 INFO  : Hardware design and registers information is loaded from 'C:/Users/aleja/OneDrive/Escritorio/UC/SEP/Proyecto_Base_Booster_2025/DEMO_wrapper/export/DEMO_wrapper/hw/DEMO_wrapper.xsa'.
17:12:00 INFO  : 'configparams force-mem-access 1' command is executed.
17:12:00 INFO  : Context for 'APU' is selected.
17:12:00 INFO  : Sourcing of 'C:/Users/aleja/OneDrive/Escritorio/UC/SEP/Proyecto_Base_Booster_2025/AC04_P2/_ide/psinit/ps7_init.tcl' is done.
17:12:00 INFO  : 'ps7_init' command is executed.
17:12:00 INFO  : 'ps7_post_config' command is executed.
17:12:00 INFO  : Context for processor 'ps7_cortexa9_0' is selected.
17:12:01 INFO  : The application 'C:/Users/aleja/OneDrive/Escritorio/UC/SEP/Proyecto_Base_Booster_2025/AC04_P2/Debug/AC04_P2.elf' is downloaded to processor 'ps7_cortexa9_0'.
17:12:01 INFO  : 'configparams force-mem-access 0' command is executed.
17:12:01 INFO  : ----------------XSDB Script----------------
connect -url tcp:127.0.0.1:3121
targets -set -nocase -filter {name =~"APU*"}
rst -system
after 3000
targets -set -filter {jtag_cable_name =~ "Digilent Zybo Z7 210351B3FC69A" && level==0 && jtag_device_ctx=="jsn-Zybo Z7-210351B3FC69A-13722093-0"}
fpga -file C:/Users/aleja/OneDrive/Escritorio/UC/SEP/Proyecto_Base_Booster_2025/AC04_P2/_ide/bitstream/DEMO_wrapper.bit
targets -set -nocase -filter {name =~"APU*"}
loadhw -hw C:/Users/aleja/OneDrive/Escritorio/UC/SEP/Proyecto_Base_Booster_2025/DEMO_wrapper/export/DEMO_wrapper/hw/DEMO_wrapper.xsa -mem-ranges [list {0x40000000 0xbfffffff}] -regs
configparams force-mem-access 1
targets -set -nocase -filter {name =~"APU*"}
source C:/Users/aleja/OneDrive/Escritorio/UC/SEP/Proyecto_Base_Booster_2025/AC04_P2/_ide/psinit/ps7_init.tcl
ps7_init
ps7_post_config
targets -set -nocase -filter {name =~ "*A9*#0"}
dow C:/Users/aleja/OneDrive/Escritorio/UC/SEP/Proyecto_Base_Booster_2025/AC04_P2/Debug/AC04_P2.elf
configparams force-mem-access 0
----------------End of Script----------------

17:12:01 INFO  : Context for processor 'ps7_cortexa9_0' is selected.
17:12:01 INFO  : 'con' command is executed.
17:12:01 INFO  : ----------------XSDB Script (After Launch)----------------
targets -set -nocase -filter {name =~ "*A9*#0"}
con
----------------End of Script----------------

17:12:01 INFO  : Launch script is exported to file 'C:\Users\aleja\OneDrive\Escritorio\UC\SEP\Proyecto_Base_Booster_2025\.sdk\launch_scripts\single_application_debug\debugger_ac04_p2-default.tcl'
17:13:12 INFO  : Disconnected from the channel tcfchan#2.
17:13:13 INFO  : Connected to target on host '127.0.0.1' and port '3121'.
17:13:14 INFO  : Jtag cable 'Digilent Zybo Z7 210351B3FC69A' is selected.
17:13:14 INFO  : 'jtag frequency' command is executed.
17:13:14 INFO  : Context for 'APU' is selected.
17:13:14 INFO  : System reset is completed.
17:13:17 INFO  : 'after 3000' command is executed.
17:13:17 INFO  : 'targets -set -filter {jtag_cable_name =~ "Digilent Zybo Z7 210351B3FC69A" && level==0 && jtag_device_ctx=="jsn-Zybo Z7-210351B3FC69A-13722093-0"}' command is executed.
17:13:18 INFO  : FPGA configured successfully with bitstream "C:/Users/aleja/OneDrive/Escritorio/UC/SEP/Proyecto_Base_Booster_2025/AC04_P2/_ide/bitstream/DEMO_wrapper.bit"
17:13:18 INFO  : Context for 'APU' is selected.
17:13:18 INFO  : Hardware design and registers information is loaded from 'C:/Users/aleja/OneDrive/Escritorio/UC/SEP/Proyecto_Base_Booster_2025/DEMO_wrapper/export/DEMO_wrapper/hw/DEMO_wrapper.xsa'.
17:13:18 INFO  : 'configparams force-mem-access 1' command is executed.
17:13:18 INFO  : Context for 'APU' is selected.
17:13:18 INFO  : Sourcing of 'C:/Users/aleja/OneDrive/Escritorio/UC/SEP/Proyecto_Base_Booster_2025/AC04_P2/_ide/psinit/ps7_init.tcl' is done.
17:13:18 INFO  : 'ps7_init' command is executed.
17:13:18 INFO  : 'ps7_post_config' command is executed.
17:13:18 INFO  : Context for processor 'ps7_cortexa9_0' is selected.
17:13:19 INFO  : The application 'C:/Users/aleja/OneDrive/Escritorio/UC/SEP/Proyecto_Base_Booster_2025/AC04_P2/Debug/AC04_P2.elf' is downloaded to processor 'ps7_cortexa9_0'.
17:13:19 INFO  : 'configparams force-mem-access 0' command is executed.
17:13:19 INFO  : ----------------XSDB Script----------------
connect -url tcp:127.0.0.1:3121
targets -set -nocase -filter {name =~"APU*"}
rst -system
after 3000
targets -set -filter {jtag_cable_name =~ "Digilent Zybo Z7 210351B3FC69A" && level==0 && jtag_device_ctx=="jsn-Zybo Z7-210351B3FC69A-13722093-0"}
fpga -file C:/Users/aleja/OneDrive/Escritorio/UC/SEP/Proyecto_Base_Booster_2025/AC04_P2/_ide/bitstream/DEMO_wrapper.bit
targets -set -nocase -filter {name =~"APU*"}
loadhw -hw C:/Users/aleja/OneDrive/Escritorio/UC/SEP/Proyecto_Base_Booster_2025/DEMO_wrapper/export/DEMO_wrapper/hw/DEMO_wrapper.xsa -mem-ranges [list {0x40000000 0xbfffffff}] -regs
configparams force-mem-access 1
targets -set -nocase -filter {name =~"APU*"}
source C:/Users/aleja/OneDrive/Escritorio/UC/SEP/Proyecto_Base_Booster_2025/AC04_P2/_ide/psinit/ps7_init.tcl
ps7_init
ps7_post_config
targets -set -nocase -filter {name =~ "*A9*#0"}
dow C:/Users/aleja/OneDrive/Escritorio/UC/SEP/Proyecto_Base_Booster_2025/AC04_P2/Debug/AC04_P2.elf
configparams force-mem-access 0
----------------End of Script----------------

17:13:19 INFO  : Context for processor 'ps7_cortexa9_0' is selected.
17:13:19 INFO  : 'con' command is executed.
17:13:19 INFO  : ----------------XSDB Script (After Launch)----------------
targets -set -nocase -filter {name =~ "*A9*#0"}
con
----------------End of Script----------------

17:13:19 INFO  : Launch script is exported to file 'C:\Users\aleja\OneDrive\Escritorio\UC\SEP\Proyecto_Base_Booster_2025\.sdk\launch_scripts\single_application_debug\systemdebugger_ac04_p2_system_standalone.tcl'
17:14:01 INFO  : Disconnected from the channel tcfchan#3.
17:14:01 INFO  : Connected to target on host '127.0.0.1' and port '3121'.
17:14:01 INFO  : Jtag cable 'Digilent Zybo Z7 210351B3FC69A' is selected.
17:14:01 INFO  : 'jtag frequency' command is executed.
17:14:01 INFO  : Context for 'APU' is selected.
17:14:02 INFO  : System reset is completed.
17:14:05 INFO  : 'after 3000' command is executed.
17:14:05 INFO  : 'targets -set -filter {jtag_cable_name =~ "Digilent Zybo Z7 210351B3FC69A" && level==0 && jtag_device_ctx=="jsn-Zybo Z7-210351B3FC69A-13722093-0"}' command is executed.
17:14:06 INFO  : FPGA configured successfully with bitstream "C:/Users/aleja/OneDrive/Escritorio/UC/SEP/Proyecto_Base_Booster_2025/AC04_P2/_ide/bitstream/DEMO_wrapper.bit"
17:14:06 INFO  : Context for 'APU' is selected.
17:14:06 INFO  : Hardware design and registers information is loaded from 'C:/Users/aleja/OneDrive/Escritorio/UC/SEP/Proyecto_Base_Booster_2025/DEMO_wrapper/export/DEMO_wrapper/hw/DEMO_wrapper.xsa'.
17:14:06 INFO  : 'configparams force-mem-access 1' command is executed.
17:14:06 INFO  : Context for 'APU' is selected.
17:14:06 INFO  : Sourcing of 'C:/Users/aleja/OneDrive/Escritorio/UC/SEP/Proyecto_Base_Booster_2025/AC04_P2/_ide/psinit/ps7_init.tcl' is done.
17:14:06 INFO  : 'ps7_init' command is executed.
17:14:06 INFO  : 'ps7_post_config' command is executed.
17:14:06 INFO  : Context for processor 'ps7_cortexa9_0' is selected.
17:14:07 INFO  : The application 'C:/Users/aleja/OneDrive/Escritorio/UC/SEP/Proyecto_Base_Booster_2025/AC04_P2/Debug/AC04_P2.elf' is downloaded to processor 'ps7_cortexa9_0'.
17:14:07 INFO  : 'configparams force-mem-access 0' command is executed.
17:14:07 INFO  : ----------------XSDB Script----------------
connect -url tcp:127.0.0.1:3121
targets -set -nocase -filter {name =~"APU*"}
rst -system
after 3000
targets -set -filter {jtag_cable_name =~ "Digilent Zybo Z7 210351B3FC69A" && level==0 && jtag_device_ctx=="jsn-Zybo Z7-210351B3FC69A-13722093-0"}
fpga -file C:/Users/aleja/OneDrive/Escritorio/UC/SEP/Proyecto_Base_Booster_2025/AC04_P2/_ide/bitstream/DEMO_wrapper.bit
targets -set -nocase -filter {name =~"APU*"}
loadhw -hw C:/Users/aleja/OneDrive/Escritorio/UC/SEP/Proyecto_Base_Booster_2025/DEMO_wrapper/export/DEMO_wrapper/hw/DEMO_wrapper.xsa -mem-ranges [list {0x40000000 0xbfffffff}] -regs
configparams force-mem-access 1
targets -set -nocase -filter {name =~"APU*"}
source C:/Users/aleja/OneDrive/Escritorio/UC/SEP/Proyecto_Base_Booster_2025/AC04_P2/_ide/psinit/ps7_init.tcl
ps7_init
ps7_post_config
targets -set -nocase -filter {name =~ "*A9*#0"}
dow C:/Users/aleja/OneDrive/Escritorio/UC/SEP/Proyecto_Base_Booster_2025/AC04_P2/Debug/AC04_P2.elf
configparams force-mem-access 0
----------------End of Script----------------

17:14:07 INFO  : Context for processor 'ps7_cortexa9_0' is selected.
17:14:07 INFO  : 'con' command is executed.
17:14:07 INFO  : ----------------XSDB Script (After Launch)----------------
targets -set -nocase -filter {name =~ "*A9*#0"}
con
----------------End of Script----------------

17:14:07 INFO  : Launch script is exported to file 'C:\Users\aleja\OneDrive\Escritorio\UC\SEP\Proyecto_Base_Booster_2025\.sdk\launch_scripts\single_application_debug\systemdebugger_ac04_p2_system_standalone.tcl'
17:14:35 INFO  : Generated template bif file for AC04_P2
17:16:26 INFO  : Invoking Bootgen: bootgen -image AC04_P2.bif -arch zynq -o C:\Users\aleja\Downloads\BOOT.bin -w on
17:16:26 INFO  : Overwriting existing bif file C:/Users/aleja/OneDrive/Escritorio/UC/SEP/Proyecto_Base_Booster_2025/AC04_P2/_ide/bootimage/AC04_P2.bif
17:16:27 INFO  : Bootgen command execution is done.
17:26:12 INFO  : Disconnected from the channel tcfchan#4.
17:26:35 INFO  : Launching XSCT server: xsct.bat -n  -interactive C:\Users\aleja\OneDrive\Escritorio\UC\SEP\Proyecto_Base_Booster_2025\temp_xsdb_launch_script.tcl
17:26:37 INFO  : XSCT server has started successfully.
17:26:37 INFO  : Successfully done setting XSCT server connection channel  
17:26:37 INFO  : plnx-install-location is set to ''
17:26:37 INFO  : Successfully done setting workspace for the tool. 
17:26:41 INFO  : Platform repository initialization has completed.
17:26:41 INFO  : Successfully done query RDI_DATADIR 
17:26:41 INFO  : Registering command handlers for Vitis TCF services
09:38:08 INFO  : Launching XSCT server: xsct.bat -n  -interactive C:\Users\aleja\OneDrive\Escritorio\UC\SEP\Proyecto_Base_Booster_2025\temp_xsdb_launch_script.tcl
09:38:14 INFO  : XSCT server has started successfully.
09:38:14 INFO  : plnx-install-location is set to ''
09:38:14 INFO  : Successfully done setting XSCT server connection channel  
09:38:14 INFO  : Successfully done setting workspace for the tool. 
09:38:25 INFO  : Platform repository initialization has completed.
09:38:25 INFO  : Registering command handlers for Vitis TCF services
09:38:32 INFO  : Successfully done query RDI_DATADIR 
